17:29:27.394 [main] DEBUG com.intuit.karate.Suite - [config] classpath:karate-config.js
17:29:28.873 [main] INFO  com.intuit.karate - karate.env system property was: null 
17:29:29.481 [main] DEBUG com.intuit.karate - request:
1 > POST https://tek-insurance-api.azurewebsites.net/api/token
1 > Content-Type: application/json; charset=UTF-8
1 > Content-Length: 53
1 > Host: tek-insurance-api.azurewebsites.net
1 > Connection: Keep-Alive
1 > User-Agent: Apache-HttpClient/4.5.13 (Java/11.0.16.1)
1 > Accept-Encoding: gzip,deflate
{"username":"supervisor","password":"tek_supervisor"}

17:29:30.050 [main] DEBUG com.intuit.karate - response time in milliseconds: 567
1 < 200
1 < Content-Type: application/json
1 < Date: Thu, 16 Mar 2023 22:29:27 GMT
1 < Cache-Control: no-cache, no-store, max-age=0, must-revalidate
1 < Expires: 0
1 < Pragma: no-cache
1 < Transfer-Encoding: chunked
1 < Vary: Origin
1 < Vary: Access-Control-Request-Method
1 < Vary: Access-Control-Request-Headers
1 < X-Content-Type-Options: nosniff
1 < X-XSS-Protection: 1; mode=block
1 < Strict-Transport-Security: max-age=31536000 ; includeSubDomains
1 < X-Frame-Options: DENY
{"fullName":"Supervisor","username":"SUPERVISOR","token":"eyJraWQiOiJUZWtzY2hvb2wgSW5zdXJhbmNlIEFwcGxpY2F0aW9uIiwidHlwIjoiSldUIiwiYWxnIjoiSFM1MTIifQ.eyJhdWQiOiJVc2VyIG1hbmFnZW1lbnQgcG9ydGFsIiwic3ViIjoiU1VQRVJWSVNPUiIsImlzcyI6IlRlayBJbnN1cmFuY2UgQXBwbGljYXRpb24iLCJBdXRob3JpdGllcyI6WyJBRE1JTiJdLCJleHAiOjE2NzkwOTIxNjcsImlhdCI6MTY3OTAwNTc2N30.BFy-MQ3Vwgm2R2ec2GSnh6cmyDsp2m_a7kUg2-Ps163cwwJ-vx--BuOl3J9zb-33xf71fu_m0Brm57FhZWqIFA","generateDate":1679005767501,"accountType":"CSR"}

17:29:30.063 [main] INFO  com.intuit.karate - [print] eyJraWQiOiJUZWtzY2hvb2wgSW5zdXJhbmNlIEFwcGxpY2F0aW9uIiwidHlwIjoiSldUIiwiYWxnIjoiSFM1MTIifQ.eyJhdWQiOiJVc2VyIG1hbmFnZW1lbnQgcG9ydGFsIiwic3ViIjoiU1VQRVJWSVNPUiIsImlzcyI6IlRlayBJbnN1cmFuY2UgQXBwbGljYXRpb24iLCJBdXRob3JpdGllcyI6WyJBRE1JTiJdLCJleHAiOjE2NzkwOTIxNjcsImlhdCI6MTY3OTAwNTc2N30.BFy-MQ3Vwgm2R2ec2GSnh6cmyDsp2m_a7kUg2-Ps163cwwJ-vx--BuOl3J9zb-33xf71fu_m0Brm57FhZWqIFA 
17:29:30.065 [main] INFO  com.intuit.karate - [print] Supervisor 
17:29:30.086 [main] INFO  com.intuit.karate - >> lock acquired, begin callonce: read("PostAccount02.feature")
17:29:30.112 [main] DEBUG com.intuit.karate - request:
1 > POST https://tek-insurance-api.azurewebsites.net/api/token
1 > Content-Type: application/json; charset=UTF-8
1 > Content-Length: 53
1 > Host: tek-insurance-api.azurewebsites.net
1 > Connection: Keep-Alive
1 > User-Agent: Apache-HttpClient/4.5.13 (Java/11.0.16.1)
1 > Accept-Encoding: gzip,deflate
{"username":"supervisor","password":"tek_supervisor"}

17:29:30.376 [main] DEBUG com.intuit.karate - response time in milliseconds: 264
1 < 200
1 < Content-Type: application/json
1 < Date: Thu, 16 Mar 2023 22:29:27 GMT
1 < Cache-Control: no-cache, no-store, max-age=0, must-revalidate
1 < Expires: 0
1 < Pragma: no-cache
1 < Transfer-Encoding: chunked
1 < Vary: Origin
1 < Vary: Access-Control-Request-Method
1 < Vary: Access-Control-Request-Headers
1 < X-Content-Type-Options: nosniff
1 < X-XSS-Protection: 1; mode=block
1 < Strict-Transport-Security: max-age=31536000 ; includeSubDomains
1 < X-Frame-Options: DENY
{"fullName":"Supervisor","username":"SUPERVISOR","token":"eyJraWQiOiJUZWtzY2hvb2wgSW5zdXJhbmNlIEFwcGxpY2F0aW9uIiwidHlwIjoiSldUIiwiYWxnIjoiSFM1MTIifQ.eyJhdWQiOiJVc2VyIG1hbmFnZW1lbnQgcG9ydGFsIiwic3ViIjoiU1VQRVJWSVNPUiIsImlzcyI6IlRlayBJbnN1cmFuY2UgQXBwbGljYXRpb24iLCJBdXRob3JpdGllcyI6WyJBRE1JTiJdLCJleHAiOjE2NzkwOTIxNjcsImlhdCI6MTY3OTAwNTc2N30.BFy-MQ3Vwgm2R2ec2GSnh6cmyDsp2m_a7kUg2-Ps163cwwJ-vx--BuOl3J9zb-33xf71fu_m0Brm57FhZWqIFA","generateDate":1679005767845,"accountType":"CSR"}

17:29:30.380 [main] INFO  com.intuit.karate - [print] eyJraWQiOiJUZWtzY2hvb2wgSW5zdXJhbmNlIEFwcGxpY2F0aW9uIiwidHlwIjoiSldUIiwiYWxnIjoiSFM1MTIifQ.eyJhdWQiOiJVc2VyIG1hbmFnZW1lbnQgcG9ydGFsIiwic3ViIjoiU1VQRVJWSVNPUiIsImlzcyI6IlRlayBJbnN1cmFuY2UgQXBwbGljYXRpb24iLCJBdXRob3JpdGllcyI6WyJBRE1JTiJdLCJleHAiOjE2NzkwOTIxNjcsImlhdCI6MTY3OTAwNTc2N30.BFy-MQ3Vwgm2R2ec2GSnh6cmyDsp2m_a7kUg2-Ps163cwwJ-vx--BuOl3J9zb-33xf71fu_m0Brm57FhZWqIFA 
17:29:30.381 [main] INFO  com.intuit.karate - [print] Supervisor 
17:29:30.714 [main] DEBUG com.intuit.karate - request:
1 > POST https://tek-insurance-api.azurewebsites.net/api/accounts/add-primary-account
1 > Authorization: Bearer eyJraWQiOiJUZWtzY2hvb2wgSW5zdXJhbmNlIEFwcGxpY2F0aW9uIiwidHlwIjoiSldUIiwiYWxnIjoiSFM1MTIifQ.eyJhdWQiOiJVc2VyIG1hbmFnZW1lbnQgcG9ydGFsIiwic3ViIjoiU1VQRVJWSVNPUiIsImlzcyI6IlRlayBJbnN1cmFuY2UgQXBwbGljYXRpb24iLCJBdXRob3JpdGllcyI6WyJBRE1JTiJdLCJleHAiOjE2NzkwOTIxNjcsImlhdCI6MTY3OTAwNTc2N30.BFy-MQ3Vwgm2R2ec2GSnh6cmyDsp2m_a7kUg2-Ps163cwwJ-vx--BuOl3J9zb-33xf71fu_m0Brm57FhZWqIFA
1 > Content-Type: application/json; charset=UTF-8
1 > Content-Length: 199
1 > Host: tek-insurance-api.azurewebsites.net
1 > Connection: Keep-Alive
1 > User-Agent: Apache-HttpClient/4.5.13 (Java/11.0.16.1)
1 > Accept-Encoding: gzip,deflate
{"email":"BasilRowe@tekschool.us","firstName":"Weldon","lastName":"O'Conner","title":"MRS.","gender":"MALE","maritalStatus":"WIDOW","employmentStatus":"Analyst","dateOfBirth":"1987-03-03","new":true}

17:29:30.964 [main] DEBUG com.intuit.karate - response time in milliseconds: 247
1 < 201
1 < Content-Type: application/json
1 < Date: Thu, 16 Mar 2023 22:29:27 GMT
1 < Cache-Control: no-cache, no-store, max-age=0, must-revalidate
1 < Expires: 0
1 < Pragma: no-cache
1 < Set-Cookie: JSESSIONID=0CAFA8CDC0255C58FB66D5F5B4BF6387; Path=/; Secure; HttpOnly
1 < Transfer-Encoding: chunked
1 < Vary: Origin
1 < Vary: Access-Control-Request-Method
1 < Vary: Access-Control-Request-Headers
1 < X-Content-Type-Options: nosniff
1 < X-XSS-Protection: 1; mode=block
1 < Strict-Transport-Security: max-age=31536000 ; includeSubDomains
1 < X-Frame-Options: DENY
{"id":6100,"email":"BasilRowe@tekschool.us","title":"MRS.","firstName":"Weldon","lastName":"O'Conner","gender":"MALE","maritalStatus":"WIDOW","employmentStatus":"Analyst","dateOfBirth":541728000000,"user":null}

17:29:30.969 [main] INFO  com.intuit.karate - [print] {
  "id": 6100,
  "email": "BasilRowe@tekschool.us",
  "title": "MRS.",
  "firstName": "Weldon",
  "lastName": "O'Conner",
  "gender": "MALE",
  "maritalStatus": "WIDOW",
  "employmentStatus": "Analyst",
  "dateOfBirth": 541728000000,
  "user": null
}
 
17:29:30.971 [main] INFO  com.intuit.karate - << lock released, cached callonce: read("PostAccount02.feature")
17:29:31.110 [main] DEBUG com.intuit.karate - request:
1 > POST https://tek-insurance-api.azurewebsites.net/api/accounts/add-account-address?primaryPersonId=6100
1 > Authorization: Bearer eyJraWQiOiJUZWtzY2hvb2wgSW5zdXJhbmNlIEFwcGxpY2F0aW9uIiwidHlwIjoiSldUIiwiYWxnIjoiSFM1MTIifQ.eyJhdWQiOiJVc2VyIG1hbmFnZW1lbnQgcG9ydGFsIiwic3ViIjoiU1VQRVJWSVNPUiIsImlzcyI6IlRlayBJbnN1cmFuY2UgQXBwbGljYXRpb24iLCJBdXRob3JpdGllcyI6WyJBRE1JTiJdLCJleHAiOjE2NzkwOTIxNjcsImlhdCI6MTY3OTAwNTc2N30.BFy-MQ3Vwgm2R2ec2GSnh6cmyDsp2m_a7kUg2-Ps163cwwJ-vx--BuOl3J9zb-33xf71fu_m0Brm57FhZWqIFA
1 > Content-Type: application/json; charset=UTF-8
1 > Content-Length: 140
1 > Host: tek-insurance-api.azurewebsites.net
1 > Connection: Keep-Alive
1 > User-Agent: Apache-HttpClient/4.5.13 (Java/11.0.16.1)
1 > Accept-Encoding: gzip,deflate
{"addressType":"Home","addressLine1":"Suite 755","city":"Earlton","state":"Arkansas","postalCode":"64395","countryCode":"KG","current":true}

17:29:31.485 [main] DEBUG com.intuit.karate - response time in milliseconds: 375
1 < 201
1 < Content-Type: application/json
1 < Date: Thu, 16 Mar 2023 22:29:28 GMT
1 < Cache-Control: no-cache, no-store, max-age=0, must-revalidate
1 < Expires: 0
1 < Pragma: no-cache
1 < Set-Cookie: JSESSIONID=AD3D172FFD54BA7C2C7308AB9EB4D809; Path=/; Secure; HttpOnly
1 < Transfer-Encoding: chunked
1 < Vary: Origin
1 < Vary: Access-Control-Request-Method
1 < Vary: Access-Control-Request-Headers
1 < X-Content-Type-Options: nosniff
1 < X-XSS-Protection: 1; mode=block
1 < Strict-Transport-Security: max-age=31536000 ; includeSubDomains
1 < X-Frame-Options: DENY
{"id":1857,"addressType":"Home","addressLine1":"Suite 755","city":"Earlton","state":"Arkansas","postalCode":"64395","countryCode":"KG","current":true}

17:29:31.488 [main] INFO  com.intuit.karate - [print] {
  "id": 1857,
  "addressType": "Home",
  "addressLine1": "Suite 755",
  "city": "Earlton",
  "state": "Arkansas",
  "postalCode": "64395",
  "countryCode": "KG",
  "current": true
}
 
17:29:31.511 [main] INFO  com.intuit.karate - karate.env system property was: null 
17:29:31.526 [main] DEBUG com.intuit.karate - request:
1 > POST https://tek-insurance-api.azurewebsites.net/api/token
1 > Content-Type: application/json; charset=UTF-8
1 > Content-Length: 53
1 > Host: tek-insurance-api.azurewebsites.net
1 > Connection: Keep-Alive
1 > User-Agent: Apache-HttpClient/4.5.13 (Java/11.0.16.1)
1 > Accept-Encoding: gzip,deflate
{"username":"supervisor","password":"tek_supervisor"}

17:29:31.802 [main] DEBUG com.intuit.karate - response time in milliseconds: 276
1 < 200
1 < Content-Type: application/json
1 < Date: Thu, 16 Mar 2023 22:29:28 GMT
1 < Cache-Control: no-cache, no-store, max-age=0, must-revalidate
1 < Expires: 0
1 < Pragma: no-cache
1 < Transfer-Encoding: chunked
1 < Vary: Origin
1 < Vary: Access-Control-Request-Method
1 < Vary: Access-Control-Request-Headers
1 < X-Content-Type-Options: nosniff
1 < X-XSS-Protection: 1; mode=block
1 < Strict-Transport-Security: max-age=31536000 ; includeSubDomains
1 < X-Frame-Options: DENY
{"fullName":"Supervisor","username":"SUPERVISOR","token":"eyJraWQiOiJUZWtzY2hvb2wgSW5zdXJhbmNlIEFwcGxpY2F0aW9uIiwidHlwIjoiSldUIiwiYWxnIjoiSFM1MTIifQ.eyJhdWQiOiJVc2VyIG1hbmFnZW1lbnQgcG9ydGFsIiwic3ViIjoiU1VQRVJWSVNPUiIsImlzcyI6IlRlayBJbnN1cmFuY2UgQXBwbGljYXRpb24iLCJBdXRob3JpdGllcyI6WyJBRE1JTiJdLCJleHAiOjE2NzkwOTIxNjksImlhdCI6MTY3OTAwNTc2OX0.PxXC33zWGepeHfyx83B3T8GHP8TfNfTbduYR2p4B-p7GfTc0947kUEN3ptXRe5TDFg9y85pOGlohQXJoXXR-Hg","generateDate":1679005769270,"accountType":"CSR"}

17:29:31.804 [main] INFO  com.intuit.karate - [print] eyJraWQiOiJUZWtzY2hvb2wgSW5zdXJhbmNlIEFwcGxpY2F0aW9uIiwidHlwIjoiSldUIiwiYWxnIjoiSFM1MTIifQ.eyJhdWQiOiJVc2VyIG1hbmFnZW1lbnQgcG9ydGFsIiwic3ViIjoiU1VQRVJWSVNPUiIsImlzcyI6IlRlayBJbnN1cmFuY2UgQXBwbGljYXRpb24iLCJBdXRob3JpdGllcyI6WyJBRE1JTiJdLCJleHAiOjE2NzkwOTIxNjksImlhdCI6MTY3OTAwNTc2OX0.PxXC33zWGepeHfyx83B3T8GHP8TfNfTbduYR2p4B-p7GfTc0947kUEN3ptXRe5TDFg9y85pOGlohQXJoXXR-Hg 
17:29:31.806 [main] INFO  com.intuit.karate - [print] Supervisor 
17:29:31.820 [main] DEBUG com.intuit.karate - request:
1 > PUT https://tek-insurance-api.azurewebsites.net/api/accounts/update-account-address?primaryPersonId=6100
1 > Authorization: Bearer eyJraWQiOiJUZWtzY2hvb2wgSW5zdXJhbmNlIEFwcGxpY2F0aW9uIiwidHlwIjoiSldUIiwiYWxnIjoiSFM1MTIifQ.eyJhdWQiOiJVc2VyIG1hbmFnZW1lbnQgcG9ydGFsIiwic3ViIjoiU1VQRVJWSVNPUiIsImlzcyI6IlRlayBJbnN1cmFuY2UgQXBwbGljYXRpb24iLCJBdXRob3JpdGllcyI6WyJBRE1JTiJdLCJleHAiOjE2NzkwOTIxNjksImlhdCI6MTY3OTAwNTc2OX0.PxXC33zWGepeHfyx83B3T8GHP8TfNfTbduYR2p4B-p7GfTc0947kUEN3ptXRe5TDFg9y85pOGlohQXJoXXR-Hg
1 > Content-Type: application/json; charset=UTF-8
1 > Content-Length: 153
1 > Host: tek-insurance-api.azurewebsites.net
1 > Connection: Keep-Alive
1 > User-Agent: Apache-HttpClient/4.5.13 (Java/11.0.16.1)
1 > Accept-Encoding: gzip,deflate
{"addressType":"Home","addressLine1":"Apt. 824","city":"North Mortonville","state":"Pennsylvania","postalCode":"98103","countryCode":"FI","current":true}

17:29:32.299 [main] DEBUG com.intuit.karate - response time in milliseconds: 479
1 < 200
1 < Content-Type: application/json
1 < Date: Thu, 16 Mar 2023 22:29:28 GMT
1 < Cache-Control: no-cache, no-store, max-age=0, must-revalidate
1 < Expires: 0
1 < Pragma: no-cache
1 < Set-Cookie: JSESSIONID=BB92EC50FD2D3206AEC8DD4C3F3EB240; Path=/; Secure; HttpOnly
1 < Transfer-Encoding: chunked
1 < Vary: Origin
1 < Vary: Access-Control-Request-Method
1 < Vary: Access-Control-Request-Headers
1 < X-Content-Type-Options: nosniff
1 < X-XSS-Protection: 1; mode=block
1 < Strict-Transport-Security: max-age=31536000 ; includeSubDomains
1 < X-Frame-Options: DENY
{"id":1858,"addressType":"Home","addressLine1":"Apt. 824","city":"North Mortonville","state":"Pennsylvania","postalCode":"98103","countryCode":"FI","current":true}

17:29:32.301 [main] INFO  com.intuit.karate - [print] {
  "id": 1858,
  "addressType": "Home",
  "addressLine1": "Apt. 824",
  "city": "North Mortonville",
  "state": "Pennsylvania",
  "postalCode": "98103",
  "countryCode": "FI",
  "current": true
}
 
17:29:33.658 [main] INFO  com.intuit.karate - karate.env system property was: null 
17:29:33.675 [main] DEBUG com.intuit.karate - request:
1 > POST https://tek-insurance-api.azurewebsites.net/api/token
1 > Content-Type: application/json; charset=UTF-8
1 > Content-Length: 53
1 > Host: tek-insurance-api.azurewebsites.net
1 > Connection: Keep-Alive
1 > User-Agent: Apache-HttpClient/4.5.13 (Java/11.0.16.1)
1 > Accept-Encoding: gzip,deflate
{"username":"supervisor","password":"tek_supervisor"}

17:29:33.960 [main] DEBUG com.intuit.karate - response time in milliseconds: 284
1 < 200
1 < Content-Type: application/json
1 < Date: Thu, 16 Mar 2023 22:29:31 GMT
1 < Cache-Control: no-cache, no-store, max-age=0, must-revalidate
1 < Expires: 0
1 < Pragma: no-cache
1 < Transfer-Encoding: chunked
1 < Vary: Origin
1 < Vary: Access-Control-Request-Method
1 < Vary: Access-Control-Request-Headers
1 < X-Content-Type-Options: nosniff
1 < X-XSS-Protection: 1; mode=block
1 < Strict-Transport-Security: max-age=31536000 ; includeSubDomains
1 < X-Frame-Options: DENY
{"fullName":"Supervisor","username":"SUPERVISOR","token":"eyJraWQiOiJUZWtzY2hvb2wgSW5zdXJhbmNlIEFwcGxpY2F0aW9uIiwidHlwIjoiSldUIiwiYWxnIjoiSFM1MTIifQ.eyJhdWQiOiJVc2VyIG1hbmFnZW1lbnQgcG9ydGFsIiwic3ViIjoiU1VQRVJWSVNPUiIsImlzcyI6IlRlayBJbnN1cmFuY2UgQXBwbGljYXRpb24iLCJBdXRob3JpdGllcyI6WyJBRE1JTiJdLCJleHAiOjE2NzkwOTIxNzEsImlhdCI6MTY3OTAwNTc3MX0.bMuVB8kAevypiZ3wW-NExFq4zwKksVK72HWlwMLzlQYqbmGQQo1bKNIu_8O74XU8H2SC13Gyvdn6PXJxM9izzQ","generateDate":1679005771427,"accountType":"CSR"}

17:29:33.964 [main] INFO  com.intuit.karate - [print] eyJraWQiOiJUZWtzY2hvb2wgSW5zdXJhbmNlIEFwcGxpY2F0aW9uIiwidHlwIjoiSldUIiwiYWxnIjoiSFM1MTIifQ.eyJhdWQiOiJVc2VyIG1hbmFnZW1lbnQgcG9ydGFsIiwic3ViIjoiU1VQRVJWSVNPUiIsImlzcyI6IlRlayBJbnN1cmFuY2UgQXBwbGljYXRpb24iLCJBdXRob3JpdGllcyI6WyJBRE1JTiJdLCJleHAiOjE2NzkwOTIxNzEsImlhdCI6MTY3OTAwNTc3MX0.bMuVB8kAevypiZ3wW-NExFq4zwKksVK72HWlwMLzlQYqbmGQQo1bKNIu_8O74XU8H2SC13Gyvdn6PXJxM9izzQ 
17:29:33.966 [main] INFO  com.intuit.karate - [print] Supervisor 
17:29:33.975 [main] INFO  com.intuit.karate - >> lock acquired, begin callonce: read("PostAccount02.feature")
17:29:33.989 [main] DEBUG com.intuit.karate - request:
1 > POST https://tek-insurance-api.azurewebsites.net/api/token
1 > Content-Type: application/json; charset=UTF-8
1 > Content-Length: 53
1 > Host: tek-insurance-api.azurewebsites.net
1 > Connection: Keep-Alive
1 > User-Agent: Apache-HttpClient/4.5.13 (Java/11.0.16.1)
1 > Accept-Encoding: gzip,deflate
{"username":"supervisor","password":"tek_supervisor"}

17:29:34.254 [main] DEBUG com.intuit.karate - response time in milliseconds: 265
1 < 200
1 < Content-Type: application/json
1 < Date: Thu, 16 Mar 2023 22:29:31 GMT
1 < Cache-Control: no-cache, no-store, max-age=0, must-revalidate
1 < Expires: 0
1 < Pragma: no-cache
1 < Transfer-Encoding: chunked
1 < Vary: Origin
1 < Vary: Access-Control-Request-Method
1 < Vary: Access-Control-Request-Headers
1 < X-Content-Type-Options: nosniff
1 < X-XSS-Protection: 1; mode=block
1 < Strict-Transport-Security: max-age=31536000 ; includeSubDomains
1 < X-Frame-Options: DENY
{"fullName":"Supervisor","username":"SUPERVISOR","token":"eyJraWQiOiJUZWtzY2hvb2wgSW5zdXJhbmNlIEFwcGxpY2F0aW9uIiwidHlwIjoiSldUIiwiYWxnIjoiSFM1MTIifQ.eyJhdWQiOiJVc2VyIG1hbmFnZW1lbnQgcG9ydGFsIiwic3ViIjoiU1VQRVJWSVNPUiIsImlzcyI6IlRlayBJbnN1cmFuY2UgQXBwbGljYXRpb24iLCJBdXRob3JpdGllcyI6WyJBRE1JTiJdLCJleHAiOjE2NzkwOTIxNzEsImlhdCI6MTY3OTAwNTc3MX0.bMuVB8kAevypiZ3wW-NExFq4zwKksVK72HWlwMLzlQYqbmGQQo1bKNIu_8O74XU8H2SC13Gyvdn6PXJxM9izzQ","generateDate":1679005771721,"accountType":"CSR"}

17:29:34.258 [main] INFO  com.intuit.karate - [print] eyJraWQiOiJUZWtzY2hvb2wgSW5zdXJhbmNlIEFwcGxpY2F0aW9uIiwidHlwIjoiSldUIiwiYWxnIjoiSFM1MTIifQ.eyJhdWQiOiJVc2VyIG1hbmFnZW1lbnQgcG9ydGFsIiwic3ViIjoiU1VQRVJWSVNPUiIsImlzcyI6IlRlayBJbnN1cmFuY2UgQXBwbGljYXRpb24iLCJBdXRob3JpdGllcyI6WyJBRE1JTiJdLCJleHAiOjE2NzkwOTIxNzEsImlhdCI6MTY3OTAwNTc3MX0.bMuVB8kAevypiZ3wW-NExFq4zwKksVK72HWlwMLzlQYqbmGQQo1bKNIu_8O74XU8H2SC13Gyvdn6PXJxM9izzQ 
17:29:34.259 [main] INFO  com.intuit.karate - [print] Supervisor 
17:29:34.276 [main] DEBUG com.intuit.karate - request:
1 > POST https://tek-insurance-api.azurewebsites.net/api/accounts/add-primary-account
1 > Authorization: Bearer eyJraWQiOiJUZWtzY2hvb2wgSW5zdXJhbmNlIEFwcGxpY2F0aW9uIiwidHlwIjoiSldUIiwiYWxnIjoiSFM1MTIifQ.eyJhdWQiOiJVc2VyIG1hbmFnZW1lbnQgcG9ydGFsIiwic3ViIjoiU1VQRVJWSVNPUiIsImlzcyI6IlRlayBJbnN1cmFuY2UgQXBwbGljYXRpb24iLCJBdXRob3JpdGllcyI6WyJBRE1JTiJdLCJleHAiOjE2NzkwOTIxNzEsImlhdCI6MTY3OTAwNTc3MX0.bMuVB8kAevypiZ3wW-NExFq4zwKksVK72HWlwMLzlQYqbmGQQo1bKNIu_8O74XU8H2SC13Gyvdn6PXJxM9izzQ
1 > Content-Type: application/json; charset=UTF-8
1 > Content-Length: 207
1 > Host: tek-insurance-api.azurewebsites.net
1 > Connection: Keep-Alive
1 > User-Agent: Apache-HttpClient/4.5.13 (Java/11.0.16.1)
1 > Accept-Encoding: gzip,deflate
{"email":"MicaelaHackett@tekschool.us","firstName":"Alberto","lastName":"Conn","title":"MISS","gender":"FEMALE","maritalStatus":"SINGLE","employmentStatus":"Strategist","dateOfBirth":"1987-05-30","new":true}

17:29:34.520 [main] DEBUG com.intuit.karate - response time in milliseconds: 243
1 < 201
1 < Content-Type: application/json
1 < Date: Thu, 16 Mar 2023 22:29:31 GMT
1 < Cache-Control: no-cache, no-store, max-age=0, must-revalidate
1 < Expires: 0
1 < Pragma: no-cache
1 < Set-Cookie: JSESSIONID=8903BFB247107ED279FB7ECCA53A45FC; Path=/; Secure; HttpOnly
1 < Transfer-Encoding: chunked
1 < Vary: Origin
1 < Vary: Access-Control-Request-Method
1 < Vary: Access-Control-Request-Headers
1 < X-Content-Type-Options: nosniff
1 < X-XSS-Protection: 1; mode=block
1 < Strict-Transport-Security: max-age=31536000 ; includeSubDomains
1 < X-Frame-Options: DENY
{"id":6101,"email":"MicaelaHackett@tekschool.us","title":"MISS","firstName":"Alberto","lastName":"Conn","gender":"FEMALE","maritalStatus":"SINGLE","employmentStatus":"Strategist","dateOfBirth":549331200000,"user":null}

17:29:34.524 [main] INFO  com.intuit.karate - [print] {
  "id": 6101,
  "email": "MicaelaHackett@tekschool.us",
  "title": "MISS",
  "firstName": "Alberto",
  "lastName": "Conn",
  "gender": "FEMALE",
  "maritalStatus": "SINGLE",
  "employmentStatus": "Strategist",
  "dateOfBirth": 549331200000,
  "user": null
}
 
17:29:34.525 [main] INFO  com.intuit.karate - << lock released, cached callonce: read("PostAccount02.feature")
17:29:34.551 [main] DEBUG com.intuit.karate - request:
1 > POST https://tek-insurance-api.azurewebsites.net/api/accounts/add-account-car?primaryPersonId=6101
1 > Authorization: Bearer eyJraWQiOiJUZWtzY2hvb2wgSW5zdXJhbmNlIEFwcGxpY2F0aW9uIiwidHlwIjoiSldUIiwiYWxnIjoiSFM1MTIifQ.eyJhdWQiOiJVc2VyIG1hbmFnZW1lbnQgcG9ydGFsIiwic3ViIjoiU1VQRVJWSVNPUiIsImlzcyI6IlRlayBJbnN1cmFuY2UgQXBwbGljYXRpb24iLCJBdXRob3JpdGllcyI6WyJBRE1JTiJdLCJleHAiOjE2NzkwOTIxNzEsImlhdCI6MTY3OTAwNTc3MX0.bMuVB8kAevypiZ3wW-NExFq4zwKksVK72HWlwMLzlQYqbmGQQo1bKNIu_8O74XU8H2SC13Gyvdn6PXJxM9izzQ
1 > Content-Type: application/json; charset=UTF-8
1 > Content-Length: 82
1 > Host: tek-insurance-api.azurewebsites.net
1 > Connection: Keep-Alive
1 > User-Agent: Apache-HttpClient/4.5.13 (Java/11.0.16.1)
1 > Accept-Encoding: gzip,deflate
{"id":2071,"make":"Renault","model":"508","year":"1961","licensePlate":"rhx-5086"}

17:29:34.978 [main] DEBUG com.intuit.karate - response time in milliseconds: 427
1 < 201
1 < Content-Type: application/json
1 < Date: Thu, 16 Mar 2023 22:29:32 GMT
1 < Cache-Control: no-cache, no-store, max-age=0, must-revalidate
1 < Expires: 0
1 < Pragma: no-cache
1 < Set-Cookie: JSESSIONID=0BA2E282434C00D46D248C750A13DDE4; Path=/; Secure; HttpOnly
1 < Transfer-Encoding: chunked
1 < Vary: Origin
1 < Vary: Access-Control-Request-Method
1 < Vary: Access-Control-Request-Headers
1 < X-Content-Type-Options: nosniff
1 < X-XSS-Protection: 1; mode=block
1 < Strict-Transport-Security: max-age=31536000 ; includeSubDomains
1 < X-Frame-Options: DENY
{"id":2071,"make":"Renault","model":"508","year":"1961","licensePlate":"rhx-5086"}

17:29:34.980 [main] INFO  com.intuit.karate - [print] {
  "id": 2071,
  "make": "Renault",
  "model": "508",
  "year": "1961",
  "licensePlate": "rhx-5086"
}
 
17:29:34.987 [main] INFO  com.intuit.karate - karate.env system property was: null 
17:29:34.995 [main] DEBUG com.intuit.karate - request:
1 > POST https://tek-insurance-api.azurewebsites.net/api/token
1 > Content-Type: application/json; charset=UTF-8
1 > Content-Length: 53
1 > Host: tek-insurance-api.azurewebsites.net
1 > Connection: Keep-Alive
1 > User-Agent: Apache-HttpClient/4.5.13 (Java/11.0.16.1)
1 > Accept-Encoding: gzip,deflate
{"username":"supervisor","password":"tek_supervisor"}

17:29:35.264 [main] DEBUG com.intuit.karate - response time in milliseconds: 268
1 < 200
1 < Content-Type: application/json
1 < Date: Thu, 16 Mar 2023 22:29:32 GMT
1 < Cache-Control: no-cache, no-store, max-age=0, must-revalidate
1 < Expires: 0
1 < Pragma: no-cache
1 < Transfer-Encoding: chunked
1 < Vary: Origin
1 < Vary: Access-Control-Request-Method
1 < Vary: Access-Control-Request-Headers
1 < X-Content-Type-Options: nosniff
1 < X-XSS-Protection: 1; mode=block
1 < Strict-Transport-Security: max-age=31536000 ; includeSubDomains
1 < X-Frame-Options: DENY
{"fullName":"Supervisor","username":"SUPERVISOR","token":"eyJraWQiOiJUZWtzY2hvb2wgSW5zdXJhbmNlIEFwcGxpY2F0aW9uIiwidHlwIjoiSldUIiwiYWxnIjoiSFM1MTIifQ.eyJhdWQiOiJVc2VyIG1hbmFnZW1lbnQgcG9ydGFsIiwic3ViIjoiU1VQRVJWSVNPUiIsImlzcyI6IlRlayBJbnN1cmFuY2UgQXBwbGljYXRpb24iLCJBdXRob3JpdGllcyI6WyJBRE1JTiJdLCJleHAiOjE2NzkwOTIxNzIsImlhdCI6MTY3OTAwNTc3Mn0.cndccO54jRdHuMEtQFydDi-sl4XRZhggpuMdzRSFRh201x6wDS1SU6x1al38w6Z7LMCK1UWzAOBAaEmwSzaVag","generateDate":1679005772732,"accountType":"CSR"}

17:29:35.266 [main] INFO  com.intuit.karate - [print] eyJraWQiOiJUZWtzY2hvb2wgSW5zdXJhbmNlIEFwcGxpY2F0aW9uIiwidHlwIjoiSldUIiwiYWxnIjoiSFM1MTIifQ.eyJhdWQiOiJVc2VyIG1hbmFnZW1lbnQgcG9ydGFsIiwic3ViIjoiU1VQRVJWSVNPUiIsImlzcyI6IlRlayBJbnN1cmFuY2UgQXBwbGljYXRpb24iLCJBdXRob3JpdGllcyI6WyJBRE1JTiJdLCJleHAiOjE2NzkwOTIxNzIsImlhdCI6MTY3OTAwNTc3Mn0.cndccO54jRdHuMEtQFydDi-sl4XRZhggpuMdzRSFRh201x6wDS1SU6x1al38w6Z7LMCK1UWzAOBAaEmwSzaVag 
17:29:35.266 [main] INFO  com.intuit.karate - [print] Supervisor 
17:29:35.279 [main] DEBUG com.intuit.karate - request:
1 > PUT https://tek-insurance-api.azurewebsites.net/api/accounts/update-account-car?primaryPersonId=6101
1 > Authorization: Bearer eyJraWQiOiJUZWtzY2hvb2wgSW5zdXJhbmNlIEFwcGxpY2F0aW9uIiwidHlwIjoiSldUIiwiYWxnIjoiSFM1MTIifQ.eyJhdWQiOiJVc2VyIG1hbmFnZW1lbnQgcG9ydGFsIiwic3ViIjoiU1VQRVJWSVNPUiIsImlzcyI6IlRlayBJbnN1cmFuY2UgQXBwbGljYXRpb24iLCJBdXRob3JpdGllcyI6WyJBRE1JTiJdLCJleHAiOjE2NzkwOTIxNzIsImlhdCI6MTY3OTAwNTc3Mn0.cndccO54jRdHuMEtQFydDi-sl4XRZhggpuMdzRSFRh201x6wDS1SU6x1al38w6Z7LMCK1UWzAOBAaEmwSzaVag
1 > Content-Type: application/json; charset=UTF-8
1 > Content-Length: 81
1 > Host: tek-insurance-api.azurewebsites.net
1 > Connection: Keep-Alive
1 > User-Agent: Apache-HttpClient/4.5.13 (Java/11.0.16.1)
1 > Accept-Encoding: gzip,deflate
{"id":2071,"make":"Xpeng","model":"CX-8","year":"1981","licensePlate":"psw-5087"}

17:29:35.671 [main] DEBUG com.intuit.karate - response time in milliseconds: 391
1 < 200
1 < Content-Type: application/json
1 < Date: Thu, 16 Mar 2023 22:29:32 GMT
1 < Cache-Control: no-cache, no-store, max-age=0, must-revalidate
1 < Expires: 0
1 < Pragma: no-cache
1 < Set-Cookie: JSESSIONID=3675D9AF3DF0B9BBEECF6740D6DAA036; Path=/; Secure; HttpOnly
1 < Transfer-Encoding: chunked
1 < Vary: Origin
1 < Vary: Access-Control-Request-Method
1 < Vary: Access-Control-Request-Headers
1 < X-Content-Type-Options: nosniff
1 < X-XSS-Protection: 1; mode=block
1 < Strict-Transport-Security: max-age=31536000 ; includeSubDomains
1 < X-Frame-Options: DENY
{"id":2071,"make":"Xpeng","model":"CX-8","year":"1981","licensePlate":"psw-5087"}

17:29:35.673 [main] INFO  com.intuit.karate - [print] {
  "id": 2071,
  "make": "Xpeng",
  "model": "CX-8",
  "year": "1981",
  "licensePlate": "psw-5087"
}
 
17:29:35.971 [main] INFO  com.intuit.karate - karate.env system property was: null 
17:29:35.984 [main] DEBUG com.intuit.karate - request:
1 > POST https://tek-insurance-api.azurewebsites.net/api/token
1 > Content-Type: application/json; charset=UTF-8
1 > Content-Length: 53
1 > Host: tek-insurance-api.azurewebsites.net
1 > Connection: Keep-Alive
1 > User-Agent: Apache-HttpClient/4.5.13 (Java/11.0.16.1)
1 > Accept-Encoding: gzip,deflate
{"username":"supervisor","password":"tek_supervisor"}

17:29:36.265 [main] DEBUG com.intuit.karate - response time in milliseconds: 280
1 < 200
1 < Content-Type: application/json
1 < Date: Thu, 16 Mar 2023 22:29:33 GMT
1 < Cache-Control: no-cache, no-store, max-age=0, must-revalidate
1 < Expires: 0
1 < Pragma: no-cache
1 < Transfer-Encoding: chunked
1 < Vary: Origin
1 < Vary: Access-Control-Request-Method
1 < Vary: Access-Control-Request-Headers
1 < X-Content-Type-Options: nosniff
1 < X-XSS-Protection: 1; mode=block
1 < Strict-Transport-Security: max-age=31536000 ; includeSubDomains
1 < X-Frame-Options: DENY
{"fullName":"Supervisor","username":"SUPERVISOR","token":"eyJraWQiOiJUZWtzY2hvb2wgSW5zdXJhbmNlIEFwcGxpY2F0aW9uIiwidHlwIjoiSldUIiwiYWxnIjoiSFM1MTIifQ.eyJhdWQiOiJVc2VyIG1hbmFnZW1lbnQgcG9ydGFsIiwic3ViIjoiU1VQRVJWSVNPUiIsImlzcyI6IlRlayBJbnN1cmFuY2UgQXBwbGljYXRpb24iLCJBdXRob3JpdGllcyI6WyJBRE1JTiJdLCJleHAiOjE2NzkwOTIxNzMsImlhdCI6MTY3OTAwNTc3M30.JebDSyYFN__qAkS4IqneVXNxD8bs1tNvBch_rsrQlnLkj52JRekaVhm85BPA-5ygow9XIiykiZA-i8tPIHTQgQ","generateDate":1679005773730,"accountType":"CSR"}

17:29:36.266 [main] INFO  com.intuit.karate - [print] eyJraWQiOiJUZWtzY2hvb2wgSW5zdXJhbmNlIEFwcGxpY2F0aW9uIiwidHlwIjoiSldUIiwiYWxnIjoiSFM1MTIifQ.eyJhdWQiOiJVc2VyIG1hbmFnZW1lbnQgcG9ydGFsIiwic3ViIjoiU1VQRVJWSVNPUiIsImlzcyI6IlRlayBJbnN1cmFuY2UgQXBwbGljYXRpb24iLCJBdXRob3JpdGllcyI6WyJBRE1JTiJdLCJleHAiOjE2NzkwOTIxNzMsImlhdCI6MTY3OTAwNTc3M30.JebDSyYFN__qAkS4IqneVXNxD8bs1tNvBch_rsrQlnLkj52JRekaVhm85BPA-5ygow9XIiykiZA-i8tPIHTQgQ 
17:29:36.268 [main] INFO  com.intuit.karate - [print] Supervisor 
17:29:36.274 [main] INFO  com.intuit.karate - >> lock acquired, begin callonce: read("PostAccount02.feature")
17:29:36.286 [main] DEBUG com.intuit.karate - request:
1 > POST https://tek-insurance-api.azurewebsites.net/api/token
1 > Content-Type: application/json; charset=UTF-8
1 > Content-Length: 53
1 > Host: tek-insurance-api.azurewebsites.net
1 > Connection: Keep-Alive
1 > User-Agent: Apache-HttpClient/4.5.13 (Java/11.0.16.1)
1 > Accept-Encoding: gzip,deflate
{"username":"supervisor","password":"tek_supervisor"}

17:29:36.549 [main] DEBUG com.intuit.karate - response time in milliseconds: 262
1 < 200
1 < Content-Type: application/json
1 < Date: Thu, 16 Mar 2023 22:29:33 GMT
1 < Cache-Control: no-cache, no-store, max-age=0, must-revalidate
1 < Expires: 0
1 < Pragma: no-cache
1 < Transfer-Encoding: chunked
1 < Vary: Origin
1 < Vary: Access-Control-Request-Method
1 < Vary: Access-Control-Request-Headers
1 < X-Content-Type-Options: nosniff
1 < X-XSS-Protection: 1; mode=block
1 < Strict-Transport-Security: max-age=31536000 ; includeSubDomains
1 < X-Frame-Options: DENY
{"fullName":"Supervisor","username":"SUPERVISOR","token":"eyJraWQiOiJUZWtzY2hvb2wgSW5zdXJhbmNlIEFwcGxpY2F0aW9uIiwidHlwIjoiSldUIiwiYWxnIjoiSFM1MTIifQ.eyJhdWQiOiJVc2VyIG1hbmFnZW1lbnQgcG9ydGFsIiwic3ViIjoiU1VQRVJWSVNPUiIsImlzcyI6IlRlayBJbnN1cmFuY2UgQXBwbGljYXRpb24iLCJBdXRob3JpdGllcyI6WyJBRE1JTiJdLCJleHAiOjE2NzkwOTIxNzQsImlhdCI6MTY3OTAwNTc3NH0.HKHFmcqZCQpkOIiIxQAn3RU4SrPr1glwmvzoxNbN0pxqldz5f19tWj48T0W-2AwXeeH2PguPZajA2qRTZBlCtA","generateDate":1679005774016,"accountType":"CSR"}

17:29:36.550 [main] INFO  com.intuit.karate - [print] eyJraWQiOiJUZWtzY2hvb2wgSW5zdXJhbmNlIEFwcGxpY2F0aW9uIiwidHlwIjoiSldUIiwiYWxnIjoiSFM1MTIifQ.eyJhdWQiOiJVc2VyIG1hbmFnZW1lbnQgcG9ydGFsIiwic3ViIjoiU1VQRVJWSVNPUiIsImlzcyI6IlRlayBJbnN1cmFuY2UgQXBwbGljYXRpb24iLCJBdXRob3JpdGllcyI6WyJBRE1JTiJdLCJleHAiOjE2NzkwOTIxNzQsImlhdCI6MTY3OTAwNTc3NH0.HKHFmcqZCQpkOIiIxQAn3RU4SrPr1glwmvzoxNbN0pxqldz5f19tWj48T0W-2AwXeeH2PguPZajA2qRTZBlCtA 
17:29:36.551 [main] INFO  com.intuit.karate - [print] Supervisor 
17:29:36.565 [main] DEBUG com.intuit.karate - request:
1 > POST https://tek-insurance-api.azurewebsites.net/api/accounts/add-primary-account
1 > Authorization: Bearer eyJraWQiOiJUZWtzY2hvb2wgSW5zdXJhbmNlIEFwcGxpY2F0aW9uIiwidHlwIjoiSldUIiwiYWxnIjoiSFM1MTIifQ.eyJhdWQiOiJVc2VyIG1hbmFnZW1lbnQgcG9ydGFsIiwic3ViIjoiU1VQRVJWSVNPUiIsImlzcyI6IlRlayBJbnN1cmFuY2UgQXBwbGljYXRpb24iLCJBdXRob3JpdGllcyI6WyJBRE1JTiJdLCJleHAiOjE2NzkwOTIxNzQsImlhdCI6MTY3OTAwNTc3NH0.HKHFmcqZCQpkOIiIxQAn3RU4SrPr1glwmvzoxNbN0pxqldz5f19tWj48T0W-2AwXeeH2PguPZajA2qRTZBlCtA
1 > Content-Type: application/json; charset=UTF-8
1 > Content-Length: 198
1 > Host: tek-insurance-api.azurewebsites.net
1 > Connection: Keep-Alive
1 > User-Agent: Apache-HttpClient/4.5.13 (Java/11.0.16.1)
1 > Accept-Encoding: gzip,deflate
{"email":"BobGlover@tekschool.us","firstName":"Jimmy","lastName":"Emard","title":"MISS","gender":"FEMALE","maritalStatus":"WIDOW","employmentStatus":"Engineer","dateOfBirth":"1968-03-25","new":true}

17:29:36.791 [main] DEBUG com.intuit.karate - response time in milliseconds: 226
1 < 201
1 < Content-Type: application/json
1 < Date: Thu, 16 Mar 2023 22:29:33 GMT
1 < Cache-Control: no-cache, no-store, max-age=0, must-revalidate
1 < Expires: 0
1 < Pragma: no-cache
1 < Set-Cookie: JSESSIONID=9E2A4D60A8305EFC651ED57108CBEA06; Path=/; Secure; HttpOnly
1 < Transfer-Encoding: chunked
1 < Vary: Origin
1 < Vary: Access-Control-Request-Method
1 < Vary: Access-Control-Request-Headers
1 < X-Content-Type-Options: nosniff
1 < X-XSS-Protection: 1; mode=block
1 < Strict-Transport-Security: max-age=31536000 ; includeSubDomains
1 < X-Frame-Options: DENY
{"id":6102,"email":"BobGlover@tekschool.us","title":"MISS","firstName":"Jimmy","lastName":"Emard","gender":"FEMALE","maritalStatus":"WIDOW","employmentStatus":"Engineer","dateOfBirth":-55900800000,"user":null}

17:29:36.792 [main] INFO  com.intuit.karate - [print] {
  "id": 6102,
  "email": "BobGlover@tekschool.us",
  "title": "MISS",
  "firstName": "Jimmy",
  "lastName": "Emard",
  "gender": "FEMALE",
  "maritalStatus": "WIDOW",
  "employmentStatus": "Engineer",
  "dateOfBirth": -55900800000,
  "user": null
}
 
17:29:36.793 [main] INFO  com.intuit.karate - << lock released, cached callonce: read("PostAccount02.feature")
17:29:36.814 [main] DEBUG com.intuit.karate - request:
1 > POST https://tek-insurance-api.azurewebsites.net/api/accounts/add-account-phone?primaryPersonId=6102
1 > Authorization: Bearer eyJraWQiOiJUZWtzY2hvb2wgSW5zdXJhbmNlIEFwcGxpY2F0aW9uIiwidHlwIjoiSldUIiwiYWxnIjoiSFM1MTIifQ.eyJhdWQiOiJVc2VyIG1hbmFnZW1lbnQgcG9ydGFsIiwic3ViIjoiU1VQRVJWSVNPUiIsImlzcyI6IlRlayBJbnN1cmFuY2UgQXBwbGljYXRpb24iLCJBdXRob3JpdGllcyI6WyJBRE1JTiJdLCJleHAiOjE2NzkwOTIxNzMsImlhdCI6MTY3OTAwNTc3M30.JebDSyYFN__qAkS4IqneVXNxD8bs1tNvBch_rsrQlnLkj52JRekaVhm85BPA-5ygow9XIiykiZA-i8tPIHTQgQ
1 > Content-Type: application/json; charset=UTF-8
1 > Content-Length: 115
1 > Host: tek-insurance-api.azurewebsites.net
1 > Connection: Keep-Alive
1 > User-Agent: Apache-HttpClient/4.5.13 (Java/11.0.16.1)
1 > Accept-Encoding: gzip,deflate
{"id":1950,"phoneNumber":"1-571-308-9159","phoneExtension":"9324","phoneTime":"Afternoon","phoneType":"Home Phone"}

17:29:37.237 [main] DEBUG com.intuit.karate - response time in milliseconds: 423
1 < 201
1 < Content-Type: application/json
1 < Date: Thu, 16 Mar 2023 22:29:33 GMT
1 < Cache-Control: no-cache, no-store, max-age=0, must-revalidate
1 < Expires: 0
1 < Pragma: no-cache
1 < Set-Cookie: JSESSIONID=297938315E48068C6939C959263E2F51; Path=/; Secure; HttpOnly
1 < Transfer-Encoding: chunked
1 < Vary: Origin
1 < Vary: Access-Control-Request-Method
1 < Vary: Access-Control-Request-Headers
1 < X-Content-Type-Options: nosniff
1 < X-XSS-Protection: 1; mode=block
1 < Strict-Transport-Security: max-age=31536000 ; includeSubDomains
1 < X-Frame-Options: DENY
{"id":1950,"phoneNumber":"1-571-308-9159","phoneExtension":"9324","phoneTime":"Afternoon","phoneType":"Home Phone"}

17:29:37.240 [main] INFO  com.intuit.karate - [print] {
  "id": 1950,
  "phoneNumber": "1-571-308-9159",
  "phoneExtension": "9324",
  "phoneTime": "Afternoon",
  "phoneType": "Home Phone"
}
 
17:29:37.241 [main] INFO  com.intuit.karate - [print] 6102 
17:29:37.248 [main] INFO  com.intuit.karate - karate.env system property was: null 
17:29:37.254 [main] DEBUG com.intuit.karate - request:
1 > POST https://tek-insurance-api.azurewebsites.net/api/token
1 > Content-Type: application/json; charset=UTF-8
1 > Content-Length: 53
1 > Host: tek-insurance-api.azurewebsites.net
1 > Connection: Keep-Alive
1 > User-Agent: Apache-HttpClient/4.5.13 (Java/11.0.16.1)
1 > Accept-Encoding: gzip,deflate
{"username":"supervisor","password":"tek_supervisor"}

17:29:37.514 [main] DEBUG com.intuit.karate - response time in milliseconds: 259
1 < 200
1 < Content-Type: application/json
1 < Date: Thu, 16 Mar 2023 22:29:34 GMT
1 < Cache-Control: no-cache, no-store, max-age=0, must-revalidate
1 < Expires: 0
1 < Pragma: no-cache
1 < Transfer-Encoding: chunked
1 < Vary: Origin
1 < Vary: Access-Control-Request-Method
1 < Vary: Access-Control-Request-Headers
1 < X-Content-Type-Options: nosniff
1 < X-XSS-Protection: 1; mode=block
1 < Strict-Transport-Security: max-age=31536000 ; includeSubDomains
1 < X-Frame-Options: DENY
{"fullName":"Supervisor","username":"SUPERVISOR","token":"eyJraWQiOiJUZWtzY2hvb2wgSW5zdXJhbmNlIEFwcGxpY2F0aW9uIiwidHlwIjoiSldUIiwiYWxnIjoiSFM1MTIifQ.eyJhdWQiOiJVc2VyIG1hbmFnZW1lbnQgcG9ydGFsIiwic3ViIjoiU1VQRVJWSVNPUiIsImlzcyI6IlRlayBJbnN1cmFuY2UgQXBwbGljYXRpb24iLCJBdXRob3JpdGllcyI6WyJBRE1JTiJdLCJleHAiOjE2NzkwOTIxNzQsImlhdCI6MTY3OTAwNTc3NH0.HKHFmcqZCQpkOIiIxQAn3RU4SrPr1glwmvzoxNbN0pxqldz5f19tWj48T0W-2AwXeeH2PguPZajA2qRTZBlCtA","generateDate":1679005774980,"accountType":"CSR"}

17:29:37.516 [main] INFO  com.intuit.karate - [print] eyJraWQiOiJUZWtzY2hvb2wgSW5zdXJhbmNlIEFwcGxpY2F0aW9uIiwidHlwIjoiSldUIiwiYWxnIjoiSFM1MTIifQ.eyJhdWQiOiJVc2VyIG1hbmFnZW1lbnQgcG9ydGFsIiwic3ViIjoiU1VQRVJWSVNPUiIsImlzcyI6IlRlayBJbnN1cmFuY2UgQXBwbGljYXRpb24iLCJBdXRob3JpdGllcyI6WyJBRE1JTiJdLCJleHAiOjE2NzkwOTIxNzQsImlhdCI6MTY3OTAwNTc3NH0.HKHFmcqZCQpkOIiIxQAn3RU4SrPr1glwmvzoxNbN0pxqldz5f19tWj48T0W-2AwXeeH2PguPZajA2qRTZBlCtA 
17:29:37.516 [main] INFO  com.intuit.karate - [print] Supervisor 
17:29:37.526 [main] DEBUG com.intuit.karate - request:
1 > PUT https://tek-insurance-api.azurewebsites.net/api/accounts/update-account-phone?primaryPersonId=6102
1 > Authorization: Bearer eyJraWQiOiJUZWtzY2hvb2wgSW5zdXJhbmNlIEFwcGxpY2F0aW9uIiwidHlwIjoiSldUIiwiYWxnIjoiSFM1MTIifQ.eyJhdWQiOiJVc2VyIG1hbmFnZW1lbnQgcG9ydGFsIiwic3ViIjoiU1VQRVJWSVNPUiIsImlzcyI6IlRlayBJbnN1cmFuY2UgQXBwbGljYXRpb24iLCJBdXRob3JpdGllcyI6WyJBRE1JTiJdLCJleHAiOjE2NzkwOTIxNzQsImlhdCI6MTY3OTAwNTc3NH0.HKHFmcqZCQpkOIiIxQAn3RU4SrPr1glwmvzoxNbN0pxqldz5f19tWj48T0W-2AwXeeH2PguPZajA2qRTZBlCtA
1 > Content-Type: application/json; charset=UTF-8
1 > Content-Length: 113
1 > Host: tek-insurance-api.azurewebsites.net
1 > Connection: Keep-Alive
1 > User-Agent: Apache-HttpClient/4.5.13 (Java/11.0.16.1)
1 > Accept-Encoding: gzip,deflate
{"id":1950,"phoneNumber":"1-847-227-8615","phoneExtension":"8419","phoneTime":"Morning","phoneType":"Cell Phone"}

17:29:37.885 [main] DEBUG com.intuit.karate - response time in milliseconds: 358
1 < 200
1 < Content-Type: application/json
1 < Date: Thu, 16 Mar 2023 22:29:34 GMT
1 < Cache-Control: no-cache, no-store, max-age=0, must-revalidate
1 < Expires: 0
1 < Pragma: no-cache
1 < Set-Cookie: JSESSIONID=128D1F99E8A3B11AD7F66396DEE8744D; Path=/; Secure; HttpOnly
1 < Transfer-Encoding: chunked
1 < Vary: Origin
1 < Vary: Access-Control-Request-Method
1 < Vary: Access-Control-Request-Headers
1 < X-Content-Type-Options: nosniff
1 < X-XSS-Protection: 1; mode=block
1 < Strict-Transport-Security: max-age=31536000 ; includeSubDomains
1 < X-Frame-Options: DENY
{"id":1950,"phoneNumber":"1-847-227-8615","phoneExtension":"8419","phoneTime":"Morning","phoneType":"Cell Phone"}

17:29:37.886 [main] INFO  com.intuit.karate - [print] {
  "id": 1950,
  "phoneNumber": "1-847-227-8615",
  "phoneExtension": "8419",
  "phoneTime": "Morning",
  "phoneType": "Cell Phone"
}
 
17:29:38.132 [main] INFO  com.intuit.karate - karate.env system property was: null 
17:29:38.150 [main] DEBUG com.intuit.karate - request:
1 > POST https://tek-insurance-api.azurewebsites.net/api/token
1 > Content-Type: application/json; charset=UTF-8
1 > Content-Length: 53
1 > Host: tek-insurance-api.azurewebsites.net
1 > Connection: Keep-Alive
1 > User-Agent: Apache-HttpClient/4.5.13 (Java/11.0.16.1)
1 > Accept-Encoding: gzip,deflate
{"username":"supervisor","password":"tek_supervisor"}

17:29:38.405 [main] DEBUG com.intuit.karate - response time in milliseconds: 255
1 < 200
1 < Content-Type: application/json
1 < Date: Thu, 16 Mar 2023 22:29:34 GMT
1 < Cache-Control: no-cache, no-store, max-age=0, must-revalidate
1 < Expires: 0
1 < Pragma: no-cache
1 < Transfer-Encoding: chunked
1 < Vary: Origin
1 < Vary: Access-Control-Request-Method
1 < Vary: Access-Control-Request-Headers
1 < X-Content-Type-Options: nosniff
1 < X-XSS-Protection: 1; mode=block
1 < Strict-Transport-Security: max-age=31536000 ; includeSubDomains
1 < X-Frame-Options: DENY
{"fullName":"Supervisor","username":"SUPERVISOR","token":"eyJraWQiOiJUZWtzY2hvb2wgSW5zdXJhbmNlIEFwcGxpY2F0aW9uIiwidHlwIjoiSldUIiwiYWxnIjoiSFM1MTIifQ.eyJhdWQiOiJVc2VyIG1hbmFnZW1lbnQgcG9ydGFsIiwic3ViIjoiU1VQRVJWSVNPUiIsImlzcyI6IlRlayBJbnN1cmFuY2UgQXBwbGljYXRpb24iLCJBdXRob3JpdGllcyI6WyJBRE1JTiJdLCJleHAiOjE2NzkwOTIxNzUsImlhdCI6MTY3OTAwNTc3NX0.VzDE1D1FJGlXj3seBysNmRB-CHBuI5UmaGLoB4Q_lhABVhsOXgE27tGO5Rz02s7bVTayFax9S8tK1iHWkBpjIg","generateDate":1679005775874,"accountType":"CSR"}

17:29:38.406 [main] INFO  com.intuit.karate - [print] eyJraWQiOiJUZWtzY2hvb2wgSW5zdXJhbmNlIEFwcGxpY2F0aW9uIiwidHlwIjoiSldUIiwiYWxnIjoiSFM1MTIifQ.eyJhdWQiOiJVc2VyIG1hbmFnZW1lbnQgcG9ydGFsIiwic3ViIjoiU1VQRVJWSVNPUiIsImlzcyI6IlRlayBJbnN1cmFuY2UgQXBwbGljYXRpb24iLCJBdXRob3JpdGllcyI6WyJBRE1JTiJdLCJleHAiOjE2NzkwOTIxNzUsImlhdCI6MTY3OTAwNTc3NX0.VzDE1D1FJGlXj3seBysNmRB-CHBuI5UmaGLoB4Q_lhABVhsOXgE27tGO5Rz02s7bVTayFax9S8tK1iHWkBpjIg 
17:29:38.407 [main] INFO  com.intuit.karate - [print] Supervisor 
17:29:38.427 [main] DEBUG com.intuit.karate - request:
1 > POST https://tek-insurance-api.azurewebsites.net/api/token
1 > Content-Type: application/json; charset=UTF-8
1 > Content-Length: 53
1 > Host: tek-insurance-api.azurewebsites.net
1 > Connection: Keep-Alive
1 > User-Agent: Apache-HttpClient/4.5.13 (Java/11.0.16.1)
1 > Accept-Encoding: gzip,deflate
{"username":"supervisor","password":"tek_supervisor"}

17:29:38.689 [main] DEBUG com.intuit.karate - response time in milliseconds: 262
1 < 200
1 < Content-Type: application/json
1 < Date: Thu, 16 Mar 2023 22:29:36 GMT
1 < Cache-Control: no-cache, no-store, max-age=0, must-revalidate
1 < Expires: 0
1 < Pragma: no-cache
1 < Transfer-Encoding: chunked
1 < Vary: Origin
1 < Vary: Access-Control-Request-Method
1 < Vary: Access-Control-Request-Headers
1 < X-Content-Type-Options: nosniff
1 < X-XSS-Protection: 1; mode=block
1 < Strict-Transport-Security: max-age=31536000 ; includeSubDomains
1 < X-Frame-Options: DENY
{"fullName":"Supervisor","username":"SUPERVISOR","token":"eyJraWQiOiJUZWtzY2hvb2wgSW5zdXJhbmNlIEFwcGxpY2F0aW9uIiwidHlwIjoiSldUIiwiYWxnIjoiSFM1MTIifQ.eyJhdWQiOiJVc2VyIG1hbmFnZW1lbnQgcG9ydGFsIiwic3ViIjoiU1VQRVJWSVNPUiIsImlzcyI6IlRlayBJbnN1cmFuY2UgQXBwbGljYXRpb24iLCJBdXRob3JpdGllcyI6WyJBRE1JTiJdLCJleHAiOjE2NzkwOTIxNzYsImlhdCI6MTY3OTAwNTc3Nn0.n9E4x2lNIiBXW4VIxN0cv0TcwhLpSx55_ZRq7noDWK-rUHwqrPYBNhX7mgrbIuijBR9aeyvXLJB1L2fnH58tig","generateDate":1679005776156,"accountType":"CSR"}

17:29:38.691 [main] INFO  com.intuit.karate - [print] eyJraWQiOiJUZWtzY2hvb2wgSW5zdXJhbmNlIEFwcGxpY2F0aW9uIiwidHlwIjoiSldUIiwiYWxnIjoiSFM1MTIifQ.eyJhdWQiOiJVc2VyIG1hbmFnZW1lbnQgcG9ydGFsIiwic3ViIjoiU1VQRVJWSVNPUiIsImlzcyI6IlRlayBJbnN1cmFuY2UgQXBwbGljYXRpb24iLCJBdXRob3JpdGllcyI6WyJBRE1JTiJdLCJleHAiOjE2NzkwOTIxNzYsImlhdCI6MTY3OTAwNTc3Nn0.n9E4x2lNIiBXW4VIxN0cv0TcwhLpSx55_ZRq7noDWK-rUHwqrPYBNhX7mgrbIuijBR9aeyvXLJB1L2fnH58tig 
17:29:38.692 [main] INFO  com.intuit.karate - [print] Supervisor 
17:29:38.700 [main] DEBUG com.intuit.karate - request:
1 > POST https://tek-insurance-api.azurewebsites.net/api/accounts/add-primary-account
1 > Authorization: Bearer eyJraWQiOiJUZWtzY2hvb2wgSW5zdXJhbmNlIEFwcGxpY2F0aW9uIiwidHlwIjoiSldUIiwiYWxnIjoiSFM1MTIifQ.eyJhdWQiOiJVc2VyIG1hbmFnZW1lbnQgcG9ydGFsIiwic3ViIjoiU1VQRVJWSVNPUiIsImlzcyI6IlRlayBJbnN1cmFuY2UgQXBwbGljYXRpb24iLCJBdXRob3JpdGllcyI6WyJBRE1JTiJdLCJleHAiOjE2NzkwOTIxNzYsImlhdCI6MTY3OTAwNTc3Nn0.n9E4x2lNIiBXW4VIxN0cv0TcwhLpSx55_ZRq7noDWK-rUHwqrPYBNhX7mgrbIuijBR9aeyvXLJB1L2fnH58tig
1 > Content-Type: application/json; charset=UTF-8
1 > Content-Length: 201
1 > Host: tek-insurance-api.azurewebsites.net
1 > Connection: Keep-Alive
1 > User-Agent: Apache-HttpClient/4.5.13 (Java/11.0.16.1)
1 > Accept-Encoding: gzip,deflate
{"email":"EduardoKoch@tekschool.us","firstName":"Lavonia","lastName":"Shanahan","title":"DR.","gender":"MALE","maritalStatus":"MARRIED","employmentStatus":"Agent","dateOfBirth":"1966-08-09","new":true}

17:29:38.930 [main] DEBUG com.intuit.karate - response time in milliseconds: 229
1 < 201
1 < Content-Type: application/json
1 < Date: Thu, 16 Mar 2023 22:29:36 GMT
1 < Cache-Control: no-cache, no-store, max-age=0, must-revalidate
1 < Expires: 0
1 < Pragma: no-cache
1 < Set-Cookie: JSESSIONID=AEC6C30DFF71F0690A9819AB6133CCC5; Path=/; Secure; HttpOnly
1 < Transfer-Encoding: chunked
1 < Vary: Origin
1 < Vary: Access-Control-Request-Method
1 < Vary: Access-Control-Request-Headers
1 < X-Content-Type-Options: nosniff
1 < X-XSS-Protection: 1; mode=block
1 < Strict-Transport-Security: max-age=31536000 ; includeSubDomains
1 < X-Frame-Options: DENY
{"id":6103,"email":"EduardoKoch@tekschool.us","title":"DR.","firstName":"Lavonia","lastName":"Shanahan","gender":"MALE","maritalStatus":"MARRIED","employmentStatus":"Agent","dateOfBirth":-107222400000,"user":null}

17:29:38.932 [main] INFO  com.intuit.karate - [print] {
  "id": 6103,
  "email": "EduardoKoch@tekschool.us",
  "title": "DR.",
  "firstName": "Lavonia",
  "lastName": "Shanahan",
  "gender": "MALE",
  "maritalStatus": "MARRIED",
  "employmentStatus": "Agent",
  "dateOfBirth": -107222400000,
  "user": null
}
 
17:29:38.936 [main] DEBUG com.intuit.karate - request:
1 > GET https://tek-insurance-api.azurewebsites.net/api/accounts/get-primary-account?primaryPersonId=6103
1 > Authorization: Bearer eyJraWQiOiJUZWtzY2hvb2wgSW5zdXJhbmNlIEFwcGxpY2F0aW9uIiwidHlwIjoiSldUIiwiYWxnIjoiSFM1MTIifQ.eyJhdWQiOiJVc2VyIG1hbmFnZW1lbnQgcG9ydGFsIiwic3ViIjoiU1VQRVJWSVNPUiIsImlzcyI6IlRlayBJbnN1cmFuY2UgQXBwbGljYXRpb24iLCJBdXRob3JpdGllcyI6WyJBRE1JTiJdLCJleHAiOjE2NzkwOTIxNzUsImlhdCI6MTY3OTAwNTc3NX0.VzDE1D1FJGlXj3seBysNmRB-CHBuI5UmaGLoB4Q_lhABVhsOXgE27tGO5Rz02s7bVTayFax9S8tK1iHWkBpjIg
1 > Host: tek-insurance-api.azurewebsites.net
1 > Connection: Keep-Alive
1 > User-Agent: Apache-HttpClient/4.5.13 (Java/11.0.16.1)
1 > Accept-Encoding: gzip,deflate


17:29:39.183 [main] DEBUG com.intuit.karate - response time in milliseconds: 247
1 < 200
1 < Content-Type: application/json
1 < Date: Thu, 16 Mar 2023 22:29:36 GMT
1 < Cache-Control: no-cache, no-store, max-age=0, must-revalidate
1 < Expires: 0
1 < Pragma: no-cache
1 < Set-Cookie: JSESSIONID=8B46C04D1905F7638B3592E155C85B35; Path=/; Secure; HttpOnly
1 < Transfer-Encoding: chunked
1 < Vary: Origin
1 < Vary: Access-Control-Request-Method
1 < Vary: Access-Control-Request-Headers
1 < X-Content-Type-Options: nosniff
1 < X-XSS-Protection: 1; mode=block
1 < Strict-Transport-Security: max-age=31536000 ; includeSubDomains
1 < X-Frame-Options: DENY
{"id":6103,"email":"EduardoKoch@tekschool.us","title":"DR.","firstName":"Lavonia","lastName":"Shanahan","gender":"MALE","maritalStatus":"MARRIED","employmentStatus":"Agent","dateOfBirth":-107222400000,"user":null}

17:29:39.185 [main] INFO  com.intuit.karate - [print] {
  "id": 6103,
  "email": "EduardoKoch@tekschool.us",
  "title": "DR.",
  "firstName": "Lavonia",
  "lastName": "Shanahan",
  "gender": "MALE",
  "maritalStatus": "MARRIED",
  "employmentStatus": "Agent",
  "dateOfBirth": -107222400000,
  "user": null
}
 
17:29:40.005 [main] INFO  com.intuit.karate - [print] EduardoKoch@tekschool.us 
17:29:40.007 [main] INFO  com.intuit.karate - [print] EduardoKoch@tekschool.us 
17:29:40.008 [main] INFO  com.intuit.karate - [print] EduardoKoch@tekschool.us 
17:29:40.238 [main] INFO  com.intuit.karate - karate.env system property was: null 
17:29:40.250 [main] DEBUG com.intuit.karate - request:
1 > POST https://tek-insurance-api.azurewebsites.net/api/token
1 > Content-Type: application/json; charset=UTF-8
1 > Content-Length: 53
1 > Host: tek-insurance-api.azurewebsites.net
1 > Connection: Keep-Alive
1 > User-Agent: Apache-HttpClient/4.5.13 (Java/11.0.16.1)
1 > Accept-Encoding: gzip,deflate
{"username":"supervisor","password":"tek_supervisor"}

17:29:40.519 [main] DEBUG com.intuit.karate - response time in milliseconds: 269
1 < 200
1 < Content-Type: application/json
1 < Date: Thu, 16 Mar 2023 22:29:37 GMT
1 < Cache-Control: no-cache, no-store, max-age=0, must-revalidate
1 < Expires: 0
1 < Pragma: no-cache
1 < Transfer-Encoding: chunked
1 < Vary: Origin
1 < Vary: Access-Control-Request-Method
1 < Vary: Access-Control-Request-Headers
1 < X-Content-Type-Options: nosniff
1 < X-XSS-Protection: 1; mode=block
1 < Strict-Transport-Security: max-age=31536000 ; includeSubDomains
1 < X-Frame-Options: DENY
{"fullName":"Supervisor","username":"SUPERVISOR","token":"eyJraWQiOiJUZWtzY2hvb2wgSW5zdXJhbmNlIEFwcGxpY2F0aW9uIiwidHlwIjoiSldUIiwiYWxnIjoiSFM1MTIifQ.eyJhdWQiOiJVc2VyIG1hbmFnZW1lbnQgcG9ydGFsIiwic3ViIjoiU1VQRVJWSVNPUiIsImlzcyI6IlRlayBJbnN1cmFuY2UgQXBwbGljYXRpb24iLCJBdXRob3JpdGllcyI6WyJBRE1JTiJdLCJleHAiOjE2NzkwOTIxNzcsImlhdCI6MTY3OTAwNTc3N30.YARBAelUqzhjI44gVRapsUOn8uSXpLwQgzVWfy64P7f5JPIxBwm5ZkL9W5FKKFB0ECwubDAsx4WTWIOe6YfiAg","generateDate":1679005777989,"accountType":"CSR"}

17:29:40.521 [main] INFO  com.intuit.karate - [print] eyJraWQiOiJUZWtzY2hvb2wgSW5zdXJhbmNlIEFwcGxpY2F0aW9uIiwidHlwIjoiSldUIiwiYWxnIjoiSFM1MTIifQ.eyJhdWQiOiJVc2VyIG1hbmFnZW1lbnQgcG9ydGFsIiwic3ViIjoiU1VQRVJWSVNPUiIsImlzcyI6IlRlayBJbnN1cmFuY2UgQXBwbGljYXRpb24iLCJBdXRob3JpdGllcyI6WyJBRE1JTiJdLCJleHAiOjE2NzkwOTIxNzcsImlhdCI6MTY3OTAwNTc3N30.YARBAelUqzhjI44gVRapsUOn8uSXpLwQgzVWfy64P7f5JPIxBwm5ZkL9W5FKKFB0ECwubDAsx4WTWIOe6YfiAg 
17:29:40.522 [main] INFO  com.intuit.karate - [print] Supervisor 
17:29:40.537 [main] DEBUG com.intuit.karate - request:
1 > POST https://tek-insurance-api.azurewebsites.net/api/token
1 > Content-Type: application/json; charset=UTF-8
1 > Content-Length: 53
1 > Host: tek-insurance-api.azurewebsites.net
1 > Connection: Keep-Alive
1 > User-Agent: Apache-HttpClient/4.5.13 (Java/11.0.16.1)
1 > Accept-Encoding: gzip,deflate
{"username":"supervisor","password":"tek_supervisor"}

17:29:40.800 [main] DEBUG com.intuit.karate - response time in milliseconds: 263
1 < 200
1 < Content-Type: application/json
1 < Date: Thu, 16 Mar 2023 22:29:37 GMT
1 < Cache-Control: no-cache, no-store, max-age=0, must-revalidate
1 < Expires: 0
1 < Pragma: no-cache
1 < Transfer-Encoding: chunked
1 < Vary: Origin
1 < Vary: Access-Control-Request-Method
1 < Vary: Access-Control-Request-Headers
1 < X-Content-Type-Options: nosniff
1 < X-XSS-Protection: 1; mode=block
1 < Strict-Transport-Security: max-age=31536000 ; includeSubDomains
1 < X-Frame-Options: DENY
{"fullName":"Supervisor","username":"SUPERVISOR","token":"eyJraWQiOiJUZWtzY2hvb2wgSW5zdXJhbmNlIEFwcGxpY2F0aW9uIiwidHlwIjoiSldUIiwiYWxnIjoiSFM1MTIifQ.eyJhdWQiOiJVc2VyIG1hbmFnZW1lbnQgcG9ydGFsIiwic3ViIjoiU1VQRVJWSVNPUiIsImlzcyI6IlRlayBJbnN1cmFuY2UgQXBwbGljYXRpb24iLCJBdXRob3JpdGllcyI6WyJBRE1JTiJdLCJleHAiOjE2NzkwOTIxNzgsImlhdCI6MTY3OTAwNTc3OH0.Z3pieXNTk0f-8y6ZDTFjHrKL-2ziL0tHG8JO2RujtNzk9JxzD1JbYF9f2kzuEiMNxnYJoxETnN1JrC4V8ITJPw","generateDate":1679005778269,"accountType":"CSR"}

17:29:40.802 [main] INFO  com.intuit.karate - [print] eyJraWQiOiJUZWtzY2hvb2wgSW5zdXJhbmNlIEFwcGxpY2F0aW9uIiwidHlwIjoiSldUIiwiYWxnIjoiSFM1MTIifQ.eyJhdWQiOiJVc2VyIG1hbmFnZW1lbnQgcG9ydGFsIiwic3ViIjoiU1VQRVJWSVNPUiIsImlzcyI6IlRlayBJbnN1cmFuY2UgQXBwbGljYXRpb24iLCJBdXRob3JpdGllcyI6WyJBRE1JTiJdLCJleHAiOjE2NzkwOTIxNzgsImlhdCI6MTY3OTAwNTc3OH0.Z3pieXNTk0f-8y6ZDTFjHrKL-2ziL0tHG8JO2RujtNzk9JxzD1JbYF9f2kzuEiMNxnYJoxETnN1JrC4V8ITJPw 
17:29:40.803 [main] INFO  com.intuit.karate - [print] Supervisor 
17:29:40.815 [main] DEBUG com.intuit.karate - request:
1 > POST https://tek-insurance-api.azurewebsites.net/api/accounts/add-primary-account
1 > Authorization: Bearer eyJraWQiOiJUZWtzY2hvb2wgSW5zdXJhbmNlIEFwcGxpY2F0aW9uIiwidHlwIjoiSldUIiwiYWxnIjoiSFM1MTIifQ.eyJhdWQiOiJVc2VyIG1hbmFnZW1lbnQgcG9ydGFsIiwic3ViIjoiU1VQRVJWSVNPUiIsImlzcyI6IlRlayBJbnN1cmFuY2UgQXBwbGljYXRpb24iLCJBdXRob3JpdGllcyI6WyJBRE1JTiJdLCJleHAiOjE2NzkwOTIxNzgsImlhdCI6MTY3OTAwNTc3OH0.Z3pieXNTk0f-8y6ZDTFjHrKL-2ziL0tHG8JO2RujtNzk9JxzD1JbYF9f2kzuEiMNxnYJoxETnN1JrC4V8ITJPw
1 > Content-Type: application/json; charset=UTF-8
1 > Content-Length: 203
1 > Host: tek-insurance-api.azurewebsites.net
1 > Connection: Keep-Alive
1 > User-Agent: Apache-HttpClient/4.5.13 (Java/11.0.16.1)
1 > Accept-Encoding: gzip,deflate
{"email":"WardReinger@tekschool.us","firstName":"Tatum","lastName":"O'Connell","title":"MS.","gender":"MALE","maritalStatus":"SINGLE","employmentStatus":"Executive","dateOfBirth":"1988-07-10","new":true}

17:29:41.036 [main] DEBUG com.intuit.karate - response time in milliseconds: 221
1 < 201
1 < Content-Type: application/json
1 < Date: Thu, 16 Mar 2023 22:29:37 GMT
1 < Cache-Control: no-cache, no-store, max-age=0, must-revalidate
1 < Expires: 0
1 < Pragma: no-cache
1 < Set-Cookie: JSESSIONID=BA228073F371B5A5CDE9215B686F6D0C; Path=/; Secure; HttpOnly
1 < Transfer-Encoding: chunked
1 < Vary: Origin
1 < Vary: Access-Control-Request-Method
1 < Vary: Access-Control-Request-Headers
1 < X-Content-Type-Options: nosniff
1 < X-XSS-Protection: 1; mode=block
1 < Strict-Transport-Security: max-age=31536000 ; includeSubDomains
1 < X-Frame-Options: DENY
{"id":6104,"email":"WardReinger@tekschool.us","title":"MS.","firstName":"Tatum","lastName":"O'Connell","gender":"MALE","maritalStatus":"SINGLE","employmentStatus":"Executive","dateOfBirth":584496000000,"user":null}

17:29:41.040 [main] INFO  com.intuit.karate - [print] {
  "id": 6104,
  "email": "WardReinger@tekschool.us",
  "title": "MS.",
  "firstName": "Tatum",
  "lastName": "O'Connell",
  "gender": "MALE",
  "maritalStatus": "SINGLE",
  "employmentStatus": "Executive",
  "dateOfBirth": 584496000000,
  "user": null
}
 
17:29:41.045 [main] DEBUG com.intuit.karate - request:
1 > DELETE https://tek-insurance-api.azurewebsites.net/api/accounts/delete-account?primaryPersonId=6104
1 > Authorization: Bearer eyJraWQiOiJUZWtzY2hvb2wgSW5zdXJhbmNlIEFwcGxpY2F0aW9uIiwidHlwIjoiSldUIiwiYWxnIjoiSFM1MTIifQ.eyJhdWQiOiJVc2VyIG1hbmFnZW1lbnQgcG9ydGFsIiwic3ViIjoiU1VQRVJWSVNPUiIsImlzcyI6IlRlayBJbnN1cmFuY2UgQXBwbGljYXRpb24iLCJBdXRob3JpdGllcyI6WyJBRE1JTiJdLCJleHAiOjE2NzkwOTIxNzcsImlhdCI6MTY3OTAwNTc3N30.YARBAelUqzhjI44gVRapsUOn8uSXpLwQgzVWfy64P7f5JPIxBwm5ZkL9W5FKKFB0ECwubDAsx4WTWIOe6YfiAg
1 > Host: tek-insurance-api.azurewebsites.net
1 > Connection: Keep-Alive
1 > User-Agent: Apache-HttpClient/4.5.13 (Java/11.0.16.1)
1 > Accept-Encoding: gzip,deflate


17:29:41.451 [main] DEBUG com.intuit.karate - response time in milliseconds: 406
1 < 200
1 < Content-Length: 28
1 < Content-Type: text/plain;charset=ISO-8859-1
1 < Date: Thu, 16 Mar 2023 22:29:37 GMT
1 < Cache-Control: no-cache, no-store, max-age=0, must-revalidate
1 < Expires: 0
1 < Pragma: no-cache
1 < Set-Cookie: JSESSIONID=C0A13926BC40C9AA50E7812ABD099DAA; Path=/; Secure; HttpOnly
1 < Vary: Origin
1 < Vary: Access-Control-Request-Method
1 < Vary: Access-Control-Request-Headers
1 < X-Content-Type-Options: nosniff
1 < X-XSS-Protection: 1; mode=block
1 < Strict-Transport-Security: max-age=31536000 ; includeSubDomains
1 < X-Frame-Options: DENY
Account Successfully deleted

17:29:41.556 [main] INFO  com.intuit.karate - karate.env system property was: null 
17:29:41.561 [main] DEBUG com.intuit.karate - request:
1 > POST https://tek-insurance-api.azurewebsites.net/api/token
1 > Content-Type: application/json; charset=UTF-8
1 > Content-Length: 53
1 > Host: tek-insurance-api.azurewebsites.net
1 > Connection: Keep-Alive
1 > User-Agent: Apache-HttpClient/4.5.13 (Java/11.0.16.1)
1 > Accept-Encoding: gzip,deflate
{"username":"supervisor","password":"tek_supervisor"}

17:29:41.817 [main] DEBUG com.intuit.karate - response time in milliseconds: 256
1 < 200
1 < Content-Type: application/json
1 < Date: Thu, 16 Mar 2023 22:29:39 GMT
1 < Cache-Control: no-cache, no-store, max-age=0, must-revalidate
1 < Expires: 0
1 < Pragma: no-cache
1 < Transfer-Encoding: chunked
1 < Vary: Origin
1 < Vary: Access-Control-Request-Method
1 < Vary: Access-Control-Request-Headers
1 < X-Content-Type-Options: nosniff
1 < X-XSS-Protection: 1; mode=block
1 < Strict-Transport-Security: max-age=31536000 ; includeSubDomains
1 < X-Frame-Options: DENY
{"fullName":"Supervisor","username":"SUPERVISOR","token":"eyJraWQiOiJUZWtzY2hvb2wgSW5zdXJhbmNlIEFwcGxpY2F0aW9uIiwidHlwIjoiSldUIiwiYWxnIjoiSFM1MTIifQ.eyJhdWQiOiJVc2VyIG1hbmFnZW1lbnQgcG9ydGFsIiwic3ViIjoiU1VQRVJWSVNPUiIsImlzcyI6IlRlayBJbnN1cmFuY2UgQXBwbGljYXRpb24iLCJBdXRob3JpdGllcyI6WyJBRE1JTiJdLCJleHAiOjE2NzkwOTIxNzksImlhdCI6MTY3OTAwNTc3OX0.2D1WSROSo6OkHfNZZjBSRu7y_dT0UDaghgNYtbm_wyDCFhScHkrFuykv4lMxpJeCIiuWQaVt7-KayLXBml1deA","generateDate":1679005779285,"accountType":"CSR"}

17:29:41.818 [main] INFO  com.intuit.karate - [print] eyJraWQiOiJUZWtzY2hvb2wgSW5zdXJhbmNlIEFwcGxpY2F0aW9uIiwidHlwIjoiSldUIiwiYWxnIjoiSFM1MTIifQ.eyJhdWQiOiJVc2VyIG1hbmFnZW1lbnQgcG9ydGFsIiwic3ViIjoiU1VQRVJWSVNPUiIsImlzcyI6IlRlayBJbnN1cmFuY2UgQXBwbGljYXRpb24iLCJBdXRob3JpdGllcyI6WyJBRE1JTiJdLCJleHAiOjE2NzkwOTIxNzksImlhdCI6MTY3OTAwNTc3OX0.2D1WSROSo6OkHfNZZjBSRu7y_dT0UDaghgNYtbm_wyDCFhScHkrFuykv4lMxpJeCIiuWQaVt7-KayLXBml1deA 
17:29:41.818 [main] INFO  com.intuit.karate - [print] Supervisor 
17:29:41.863 [main] INFO  com.intuit.karate - karate.env system property was: null 
17:29:41.870 [main] DEBUG com.intuit.karate - request:
1 > POST https://tek-insurance-api.azurewebsites.net/api/token
1 > Content-Type: application/json; charset=UTF-8
1 > Content-Length: 53
1 > Host: tek-insurance-api.azurewebsites.net
1 > Connection: Keep-Alive
1 > User-Agent: Apache-HttpClient/4.5.13 (Java/11.0.16.1)
1 > Accept-Encoding: gzip,deflate
{"username":"supervisor","password":"tek_supervisor"}

17:29:42.118 [main] DEBUG com.intuit.karate - response time in milliseconds: 248
1 < 200
1 < Content-Type: application/json
1 < Date: Thu, 16 Mar 2023 22:29:39 GMT
1 < Cache-Control: no-cache, no-store, max-age=0, must-revalidate
1 < Expires: 0
1 < Pragma: no-cache
1 < Transfer-Encoding: chunked
1 < Vary: Origin
1 < Vary: Access-Control-Request-Method
1 < Vary: Access-Control-Request-Headers
1 < X-Content-Type-Options: nosniff
1 < X-XSS-Protection: 1; mode=block
1 < Strict-Transport-Security: max-age=31536000 ; includeSubDomains
1 < X-Frame-Options: DENY
{"fullName":"Supervisor","username":"SUPERVISOR","token":"eyJraWQiOiJUZWtzY2hvb2wgSW5zdXJhbmNlIEFwcGxpY2F0aW9uIiwidHlwIjoiSldUIiwiYWxnIjoiSFM1MTIifQ.eyJhdWQiOiJVc2VyIG1hbmFnZW1lbnQgcG9ydGFsIiwic3ViIjoiU1VQRVJWSVNPUiIsImlzcyI6IlRlayBJbnN1cmFuY2UgQXBwbGljYXRpb24iLCJBdXRob3JpdGllcyI6WyJBRE1JTiJdLCJleHAiOjE2NzkwOTIxNzksImlhdCI6MTY3OTAwNTc3OX0.2D1WSROSo6OkHfNZZjBSRu7y_dT0UDaghgNYtbm_wyDCFhScHkrFuykv4lMxpJeCIiuWQaVt7-KayLXBml1deA","generateDate":1679005779584,"accountType":"CSR"}

17:29:42.120 [main] INFO  com.intuit.karate - [print] eyJraWQiOiJUZWtzY2hvb2wgSW5zdXJhbmNlIEFwcGxpY2F0aW9uIiwidHlwIjoiSldUIiwiYWxnIjoiSFM1MTIifQ.eyJhdWQiOiJVc2VyIG1hbmFnZW1lbnQgcG9ydGFsIiwic3ViIjoiU1VQRVJWSVNPUiIsImlzcyI6IlRlayBJbnN1cmFuY2UgQXBwbGljYXRpb24iLCJBdXRob3JpdGllcyI6WyJBRE1JTiJdLCJleHAiOjE2NzkwOTIxNzksImlhdCI6MTY3OTAwNTc3OX0.2D1WSROSo6OkHfNZZjBSRu7y_dT0UDaghgNYtbm_wyDCFhScHkrFuykv4lMxpJeCIiuWQaVt7-KayLXBml1deA 
17:29:42.120 [main] INFO  com.intuit.karate - [print] Supervisor 
17:29:42.136 [main] DEBUG com.intuit.karate - request:
1 > POST https://tek-insurance-api.azurewebsites.net/api/token
1 > Content-Type: application/json; charset=UTF-8
1 > Content-Length: 53
1 > Host: tek-insurance-api.azurewebsites.net
1 > Connection: Keep-Alive
1 > User-Agent: Apache-HttpClient/4.5.13 (Java/11.0.16.1)
1 > Accept-Encoding: gzip,deflate
{"username":"supervisor","password":"tek_supervisor"}

17:29:42.394 [main] DEBUG com.intuit.karate - response time in milliseconds: 258
1 < 200
1 < Content-Type: application/json
1 < Date: Thu, 16 Mar 2023 22:29:39 GMT
1 < Cache-Control: no-cache, no-store, max-age=0, must-revalidate
1 < Expires: 0
1 < Pragma: no-cache
1 < Transfer-Encoding: chunked
1 < Vary: Origin
1 < Vary: Access-Control-Request-Method
1 < Vary: Access-Control-Request-Headers
1 < X-Content-Type-Options: nosniff
1 < X-XSS-Protection: 1; mode=block
1 < Strict-Transport-Security: max-age=31536000 ; includeSubDomains
1 < X-Frame-Options: DENY
{"fullName":"Supervisor","username":"SUPERVISOR","token":"eyJraWQiOiJUZWtzY2hvb2wgSW5zdXJhbmNlIEFwcGxpY2F0aW9uIiwidHlwIjoiSldUIiwiYWxnIjoiSFM1MTIifQ.eyJhdWQiOiJVc2VyIG1hbmFnZW1lbnQgcG9ydGFsIiwic3ViIjoiU1VQRVJWSVNPUiIsImlzcyI6IlRlayBJbnN1cmFuY2UgQXBwbGljYXRpb24iLCJBdXRob3JpdGllcyI6WyJBRE1JTiJdLCJleHAiOjE2NzkwOTIxNzksImlhdCI6MTY3OTAwNTc3OX0.2D1WSROSo6OkHfNZZjBSRu7y_dT0UDaghgNYtbm_wyDCFhScHkrFuykv4lMxpJeCIiuWQaVt7-KayLXBml1deA","generateDate":1679005779862,"accountType":"CSR"}

17:29:42.395 [main] INFO  com.intuit.karate - [print] eyJraWQiOiJUZWtzY2hvb2wgSW5zdXJhbmNlIEFwcGxpY2F0aW9uIiwidHlwIjoiSldUIiwiYWxnIjoiSFM1MTIifQ.eyJhdWQiOiJVc2VyIG1hbmFnZW1lbnQgcG9ydGFsIiwic3ViIjoiU1VQRVJWSVNPUiIsImlzcyI6IlRlayBJbnN1cmFuY2UgQXBwbGljYXRpb24iLCJBdXRob3JpdGllcyI6WyJBRE1JTiJdLCJleHAiOjE2NzkwOTIxNzksImlhdCI6MTY3OTAwNTc3OX0.2D1WSROSo6OkHfNZZjBSRu7y_dT0UDaghgNYtbm_wyDCFhScHkrFuykv4lMxpJeCIiuWQaVt7-KayLXBml1deA 
17:29:42.396 [main] INFO  com.intuit.karate - [print] Supervisor 
17:29:42.405 [main] DEBUG com.intuit.karate - request:
1 > POST https://tek-insurance-api.azurewebsites.net/api/accounts/add-primary-account
1 > Authorization: Bearer eyJraWQiOiJUZWtzY2hvb2wgSW5zdXJhbmNlIEFwcGxpY2F0aW9uIiwidHlwIjoiSldUIiwiYWxnIjoiSFM1MTIifQ.eyJhdWQiOiJVc2VyIG1hbmFnZW1lbnQgcG9ydGFsIiwic3ViIjoiU1VQRVJWSVNPUiIsImlzcyI6IlRlayBJbnN1cmFuY2UgQXBwbGljYXRpb24iLCJBdXRob3JpdGllcyI6WyJBRE1JTiJdLCJleHAiOjE2NzkwOTIxNzksImlhdCI6MTY3OTAwNTc3OX0.2D1WSROSo6OkHfNZZjBSRu7y_dT0UDaghgNYtbm_wyDCFhScHkrFuykv4lMxpJeCIiuWQaVt7-KayLXBml1deA
1 > Content-Type: application/json; charset=UTF-8
1 > Content-Length: 208
1 > Host: tek-insurance-api.azurewebsites.net
1 > Connection: Keep-Alive
1 > User-Agent: Apache-HttpClient/4.5.13 (Java/11.0.16.1)
1 > Accept-Encoding: gzip,deflate
{"email":"HilarioAnderson@tekschool.us","firstName":"Keturah","lastName":"Koch","title":"MRS.","gender":"FEMALE","maritalStatus":"MARRIED","employmentStatus":"Developer","dateOfBirth":"1996-03-20","new":true}

17:29:42.631 [main] DEBUG com.intuit.karate - response time in milliseconds: 226
1 < 201
1 < Content-Type: application/json
1 < Date: Thu, 16 Mar 2023 22:29:39 GMT
1 < Cache-Control: no-cache, no-store, max-age=0, must-revalidate
1 < Expires: 0
1 < Pragma: no-cache
1 < Set-Cookie: JSESSIONID=76D5BABF2E3661F219B4496321155A09; Path=/; Secure; HttpOnly
1 < Transfer-Encoding: chunked
1 < Vary: Origin
1 < Vary: Access-Control-Request-Method
1 < Vary: Access-Control-Request-Headers
1 < X-Content-Type-Options: nosniff
1 < X-XSS-Protection: 1; mode=block
1 < Strict-Transport-Security: max-age=31536000 ; includeSubDomains
1 < X-Frame-Options: DENY
{"id":6105,"email":"HilarioAnderson@tekschool.us","title":"MRS.","firstName":"Keturah","lastName":"Koch","gender":"FEMALE","maritalStatus":"MARRIED","employmentStatus":"Developer","dateOfBirth":827280000000,"user":null}

17:29:42.632 [main] INFO  com.intuit.karate - [print] {
  "id": 6105,
  "email": "HilarioAnderson@tekschool.us",
  "title": "MRS.",
  "firstName": "Keturah",
  "lastName": "Koch",
  "gender": "FEMALE",
  "maritalStatus": "MARRIED",
  "employmentStatus": "Developer",
  "dateOfBirth": 827280000000,
  "user": null
}
 
17:29:42.634 [main] DEBUG com.intuit.karate - request:
1 > GET https://tek-insurance-api.azurewebsites.net/api/accounts/get-primary-account?primaryPersonId=6105
1 > Authorization: Bearer eyJraWQiOiJUZWtzY2hvb2wgSW5zdXJhbmNlIEFwcGxpY2F0aW9uIiwidHlwIjoiSldUIiwiYWxnIjoiSFM1MTIifQ.eyJhdWQiOiJVc2VyIG1hbmFnZW1lbnQgcG9ydGFsIiwic3ViIjoiU1VQRVJWSVNPUiIsImlzcyI6IlRlayBJbnN1cmFuY2UgQXBwbGljYXRpb24iLCJBdXRob3JpdGllcyI6WyJBRE1JTiJdLCJleHAiOjE2NzkwOTIxNzksImlhdCI6MTY3OTAwNTc3OX0.2D1WSROSo6OkHfNZZjBSRu7y_dT0UDaghgNYtbm_wyDCFhScHkrFuykv4lMxpJeCIiuWQaVt7-KayLXBml1deA
1 > Host: tek-insurance-api.azurewebsites.net
1 > Connection: Keep-Alive
1 > User-Agent: Apache-HttpClient/4.5.13 (Java/11.0.16.1)
1 > Accept-Encoding: gzip,deflate


17:29:42.868 [main] DEBUG com.intuit.karate - response time in milliseconds: 234
1 < 200
1 < Content-Type: application/json
1 < Date: Thu, 16 Mar 2023 22:29:40 GMT
1 < Cache-Control: no-cache, no-store, max-age=0, must-revalidate
1 < Expires: 0
1 < Pragma: no-cache
1 < Set-Cookie: JSESSIONID=A0CFABBDE344527C772CF75A07847DCC; Path=/; Secure; HttpOnly
1 < Transfer-Encoding: chunked
1 < Vary: Origin
1 < Vary: Access-Control-Request-Method
1 < Vary: Access-Control-Request-Headers
1 < X-Content-Type-Options: nosniff
1 < X-XSS-Protection: 1; mode=block
1 < Strict-Transport-Security: max-age=31536000 ; includeSubDomains
1 < X-Frame-Options: DENY
{"id":6105,"email":"HilarioAnderson@tekschool.us","title":"MRS.","firstName":"Keturah","lastName":"Koch","gender":"FEMALE","maritalStatus":"MARRIED","employmentStatus":"Developer","dateOfBirth":827280000000,"user":null}

17:29:42.870 [main] INFO  com.intuit.karate - [print] {
  "id": 6105,
  "email": "HilarioAnderson@tekschool.us",
  "title": "MRS.",
  "firstName": "Keturah",
  "lastName": "Koch",
  "gender": "FEMALE",
  "maritalStatus": "MARRIED",
  "employmentStatus": "Developer",
  "dateOfBirth": 827280000000,
  "user": null
}
 
17:29:42.973 [main] INFO  com.intuit.karate - karate.env system property was: null 
17:29:42.982 [main] DEBUG com.intuit.karate - request:
1 > POST https://tek-insurance-api.azurewebsites.net/api/token
1 > Content-Type: application/json; charset=UTF-8
1 > Content-Length: 53
1 > Host: tek-insurance-api.azurewebsites.net
1 > Connection: Keep-Alive
1 > User-Agent: Apache-HttpClient/4.5.13 (Java/11.0.16.1)
1 > Accept-Encoding: gzip,deflate
{"username":"supervisor","password":"tek_supervisor"}

17:29:43.230 [main] DEBUG com.intuit.karate - response time in milliseconds: 248
1 < 200
1 < Content-Type: application/json
1 < Date: Thu, 16 Mar 2023 22:29:40 GMT
1 < Cache-Control: no-cache, no-store, max-age=0, must-revalidate
1 < Expires: 0
1 < Pragma: no-cache
1 < Transfer-Encoding: chunked
1 < Vary: Origin
1 < Vary: Access-Control-Request-Method
1 < Vary: Access-Control-Request-Headers
1 < X-Content-Type-Options: nosniff
1 < X-XSS-Protection: 1; mode=block
1 < Strict-Transport-Security: max-age=31536000 ; includeSubDomains
1 < X-Frame-Options: DENY
{"fullName":"Supervisor","username":"SUPERVISOR","token":"eyJraWQiOiJUZWtzY2hvb2wgSW5zdXJhbmNlIEFwcGxpY2F0aW9uIiwidHlwIjoiSldUIiwiYWxnIjoiSFM1MTIifQ.eyJhdWQiOiJVc2VyIG1hbmFnZW1lbnQgcG9ydGFsIiwic3ViIjoiU1VQRVJWSVNPUiIsImlzcyI6IlRlayBJbnN1cmFuY2UgQXBwbGljYXRpb24iLCJBdXRob3JpdGllcyI6WyJBRE1JTiJdLCJleHAiOjE2NzkwOTIxODAsImlhdCI6MTY3OTAwNTc4MH0.SPV76CcyuRS1UVLGbI6k8kajmGFlfzU4csnOwf8ZPCQC_dWDGnh9OfGNCeP7cR7fEdzBj1BUCvWY0yRMMkcRrQ","generateDate":1679005780696,"accountType":"CSR"}

17:29:43.231 [main] INFO  com.intuit.karate - [print] eyJraWQiOiJUZWtzY2hvb2wgSW5zdXJhbmNlIEFwcGxpY2F0aW9uIiwidHlwIjoiSldUIiwiYWxnIjoiSFM1MTIifQ.eyJhdWQiOiJVc2VyIG1hbmFnZW1lbnQgcG9ydGFsIiwic3ViIjoiU1VQRVJWSVNPUiIsImlzcyI6IlRlayBJbnN1cmFuY2UgQXBwbGljYXRpb24iLCJBdXRob3JpdGllcyI6WyJBRE1JTiJdLCJleHAiOjE2NzkwOTIxODAsImlhdCI6MTY3OTAwNTc4MH0.SPV76CcyuRS1UVLGbI6k8kajmGFlfzU4csnOwf8ZPCQC_dWDGnh9OfGNCeP7cR7fEdzBj1BUCvWY0yRMMkcRrQ 
17:29:43.231 [main] INFO  com.intuit.karate - [print] Supervisor 
17:29:43.238 [main] DEBUG com.intuit.karate - request:
1 > POST https://tek-insurance-api.azurewebsites.net/api/accounts/add-primary-account
1 > Authorization: Bearer eyJraWQiOiJUZWtzY2hvb2wgSW5zdXJhbmNlIEFwcGxpY2F0aW9uIiwidHlwIjoiSldUIiwiYWxnIjoiSFM1MTIifQ.eyJhdWQiOiJVc2VyIG1hbmFnZW1lbnQgcG9ydGFsIiwic3ViIjoiU1VQRVJWSVNPUiIsImlzcyI6IlRlayBJbnN1cmFuY2UgQXBwbGljYXRpb24iLCJBdXRob3JpdGllcyI6WyJBRE1JTiJdLCJleHAiOjE2NzkwOTIxODAsImlhdCI6MTY3OTAwNTc4MH0.SPV76CcyuRS1UVLGbI6k8kajmGFlfzU4csnOwf8ZPCQC_dWDGnh9OfGNCeP7cR7fEdzBj1BUCvWY0yRMMkcRrQ
1 > Content-Type: application/json; charset=UTF-8
1 > Content-Length: 205
1 > Host: tek-insurance-api.azurewebsites.net
1 > Connection: Keep-Alive
1 > User-Agent: Apache-HttpClient/4.5.13 (Java/11.0.16.1)
1 > Accept-Encoding: gzip,deflate
{"email":"SharilynHansen@tekschool.us","firstName":"Mose","lastName":"Wilkinson","title":"DR.","gender":"MALE","maritalStatus":"DIVORCED","employmentStatus":"Liaison","dateOfBirth":"1986-09-04","new":true}

17:29:43.458 [main] DEBUG com.intuit.karate - response time in milliseconds: 219
1 < 201
1 < Content-Type: application/json
1 < Date: Thu, 16 Mar 2023 22:29:40 GMT
1 < Cache-Control: no-cache, no-store, max-age=0, must-revalidate
1 < Expires: 0
1 < Pragma: no-cache
1 < Set-Cookie: JSESSIONID=58E7A8674727536BA7162FE69913E7BD; Path=/; Secure; HttpOnly
1 < Transfer-Encoding: chunked
1 < Vary: Origin
1 < Vary: Access-Control-Request-Method
1 < Vary: Access-Control-Request-Headers
1 < X-Content-Type-Options: nosniff
1 < X-XSS-Protection: 1; mode=block
1 < Strict-Transport-Security: max-age=31536000 ; includeSubDomains
1 < X-Frame-Options: DENY
{"id":6106,"email":"SharilynHansen@tekschool.us","title":"DR.","firstName":"Mose","lastName":"Wilkinson","gender":"MALE","maritalStatus":"DIVORCED","employmentStatus":"Liaison","dateOfBirth":526176000000,"user":null}

17:29:43.460 [main] INFO  com.intuit.karate - [print] {
  "id": 6106,
  "email": "SharilynHansen@tekschool.us",
  "title": "DR.",
  "firstName": "Mose",
  "lastName": "Wilkinson",
  "gender": "MALE",
  "maritalStatus": "DIVORCED",
  "employmentStatus": "Liaison",
  "dateOfBirth": 526176000000,
  "user": null
}
 
17:29:43.507 [main] INFO  com.intuit.karate - karate.env system property was: null 
17:29:43.512 [main] DEBUG com.intuit.karate - request:
1 > POST https://tek-insurance-api.azurewebsites.net/api/token
1 > Content-Type: application/json; charset=UTF-8
1 > Content-Length: 53
1 > Host: tek-insurance-api.azurewebsites.net
1 > Connection: Keep-Alive
1 > User-Agent: Apache-HttpClient/4.5.13 (Java/11.0.16.1)
1 > Accept-Encoding: gzip,deflate
{"username":"supervisor","password":"tek_supervisor"}

17:29:43.758 [main] DEBUG com.intuit.karate - response time in milliseconds: 246
1 < 200
1 < Content-Type: application/json
1 < Date: Thu, 16 Mar 2023 22:29:40 GMT
1 < Cache-Control: no-cache, no-store, max-age=0, must-revalidate
1 < Expires: 0
1 < Pragma: no-cache
1 < Transfer-Encoding: chunked
1 < Vary: Origin
1 < Vary: Access-Control-Request-Method
1 < Vary: Access-Control-Request-Headers
1 < X-Content-Type-Options: nosniff
1 < X-XSS-Protection: 1; mode=block
1 < Strict-Transport-Security: max-age=31536000 ; includeSubDomains
1 < X-Frame-Options: DENY
{"fullName":"Supervisor","username":"SUPERVISOR","token":"eyJraWQiOiJUZWtzY2hvb2wgSW5zdXJhbmNlIEFwcGxpY2F0aW9uIiwidHlwIjoiSldUIiwiYWxnIjoiSFM1MTIifQ.eyJhdWQiOiJVc2VyIG1hbmFnZW1lbnQgcG9ydGFsIiwic3ViIjoiU1VQRVJWSVNPUiIsImlzcyI6IlRlayBJbnN1cmFuY2UgQXBwbGljYXRpb24iLCJBdXRob3JpdGllcyI6WyJBRE1JTiJdLCJleHAiOjE2NzkwOTIxODEsImlhdCI6MTY3OTAwNTc4MX0.XFUzTSjGtuv9Z3ek9T_rCh-o7pUHEJ5SaCVdleoSCSR9jS_hm066JFPiwRDWBYYPKrgh_3prOBDC_zTXfA6cKQ","generateDate":1679005781225,"accountType":"CSR"}

17:29:43.759 [main] INFO  com.intuit.karate - [print] eyJraWQiOiJUZWtzY2hvb2wgSW5zdXJhbmNlIEFwcGxpY2F0aW9uIiwidHlwIjoiSldUIiwiYWxnIjoiSFM1MTIifQ.eyJhdWQiOiJVc2VyIG1hbmFnZW1lbnQgcG9ydGFsIiwic3ViIjoiU1VQRVJWSVNPUiIsImlzcyI6IlRlayBJbnN1cmFuY2UgQXBwbGljYXRpb24iLCJBdXRob3JpdGllcyI6WyJBRE1JTiJdLCJleHAiOjE2NzkwOTIxODEsImlhdCI6MTY3OTAwNTc4MX0.XFUzTSjGtuv9Z3ek9T_rCh-o7pUHEJ5SaCVdleoSCSR9jS_hm066JFPiwRDWBYYPKrgh_3prOBDC_zTXfA6cKQ 
17:29:43.760 [main] INFO  com.intuit.karate - [print] Supervisor 
17:29:43.762 [main] DEBUG com.intuit.karate - request:
1 > GET https://tek-insurance-api.azurewebsites.net/api/accounts/get-primary-account?primaryPersonId=32
1 > Authorization: Bearer eyJraWQiOiJUZWtzY2hvb2wgSW5zdXJhbmNlIEFwcGxpY2F0aW9uIiwidHlwIjoiSldUIiwiYWxnIjoiSFM1MTIifQ.eyJhdWQiOiJVc2VyIG1hbmFnZW1lbnQgcG9ydGFsIiwic3ViIjoiU1VQRVJWSVNPUiIsImlzcyI6IlRlayBJbnN1cmFuY2UgQXBwbGljYXRpb24iLCJBdXRob3JpdGllcyI6WyJBRE1JTiJdLCJleHAiOjE2NzkwOTIxODEsImlhdCI6MTY3OTAwNTc4MX0.XFUzTSjGtuv9Z3ek9T_rCh-o7pUHEJ5SaCVdleoSCSR9jS_hm066JFPiwRDWBYYPKrgh_3prOBDC_zTXfA6cKQ
1 > Host: tek-insurance-api.azurewebsites.net
1 > Connection: Keep-Alive
1 > User-Agent: Apache-HttpClient/4.5.13 (Java/11.0.16.1)
1 > Accept-Encoding: gzip,deflate


17:29:44.008 [main] DEBUG com.intuit.karate - response time in milliseconds: 245
1 < 200
1 < Content-Type: application/json
1 < Date: Thu, 16 Mar 2023 22:29:41 GMT
1 < Cache-Control: no-cache, no-store, max-age=0, must-revalidate
1 < Expires: 0
1 < Pragma: no-cache
1 < Set-Cookie: JSESSIONID=7A862B489F767D92A23DE7A99A920477; Path=/; Secure; HttpOnly
1 < Transfer-Encoding: chunked
1 < Vary: Origin
1 < Vary: Access-Control-Request-Method
1 < Vary: Access-Control-Request-Headers
1 < X-Content-Type-Options: nosniff
1 < X-XSS-Protection: 1; mode=block
1 < Strict-Transport-Security: max-age=31536000 ; includeSubDomains
1 < X-Frame-Options: DENY
{"id":32,"email":"Hewad01.habib@gmail.com","title":"Mr.","firstName":"Habib ","lastName":"Ilham","gender":"MALE","maritalStatus":"SINGLE","employmentStatus":"STUDENT","dateOfBirth":791942400000,"user":null}

17:29:44.010 [main] INFO  com.intuit.karate - [print] {
  "id": 32,
  "email": "Hewad01.habib@gmail.com",
  "title": "Mr.",
  "firstName": "Habib ",
  "lastName": "Ilham",
  "gender": "MALE",
  "maritalStatus": "SINGLE",
  "employmentStatus": "STUDENT",
  "dateOfBirth": 791942400000,
  "user": null
}
 
